{"C:\\Users\\graha\\Documents\\dev\\web-sonifier\\packages\\core\\src\\Adapter.js": {"path":"C:\\Users\\graha\\Documents\\dev\\web-sonifier\\packages\\core\\src\\Adapter.js","statementMap":{"0":{"start":{"line":28,"column":4},"end":{"line":28,"column":null}},"1":{"start":{"line":29,"column":4},"end":{"line":29,"column":null}},"2":{"start":{"line":30,"column":4},"end":{"line":30,"column":null}},"3":{"start":{"line":31,"column":4},"end":{"line":31,"column":null}},"4":{"start":{"line":32,"column":4},"end":{"line":32,"column":null}},"5":{"start":{"line":35,"column":4},"end":{"line":35,"column":null}},"6":{"start":{"line":36,"column":4},"end":{"line":36,"column":null}},"7":{"start":{"line":37,"column":4},"end":{"line":37,"column":null}},"8":{"start":{"line":48,"column":23},"end":{"line":48,"column":null}},"9":{"start":{"line":49,"column":4},"end":{"line":52,"column":null}},"10":{"start":{"line":51,"column":6},"end":{"line":51,"column":null}},"11":{"start":{"line":53,"column":23},"end":{"line":53,"column":null}},"12":{"start":{"line":54,"column":19},"end":{"line":54,"column":null}},"13":{"start":{"line":55,"column":4},"end":{"line":55,"column":null}},"14":{"start":{"line":65,"column":4},"end":{"line":67,"column":null}},"15":{"start":{"line":66,"column":6},"end":{"line":66,"column":null}},"16":{"start":{"line":75,"column":4},"end":{"line":81,"column":null}},"17":{"start":{"line":89,"column":4},"end":{"line":89,"column":null}},"18":{"start":{"line":89,"column":28},"end":{"line":89,"column":null}},"19":{"start":{"line":90,"column":4},"end":{"line":90,"column":null}},"20":{"start":{"line":90,"column":28},"end":{"line":90,"column":null}},"21":{"start":{"line":91,"column":4},"end":{"line":91,"column":null}},"22":{"start":{"line":91,"column":28},"end":{"line":91,"column":null}},"23":{"start":{"line":92,"column":4},"end":{"line":92,"column":null}},"24":{"start":{"line":92,"column":28},"end":{"line":92,"column":null}},"25":{"start":{"line":93,"column":4},"end":{"line":97,"column":null}},"26":{"start":{"line":94,"column":6},"end":{"line":94,"column":null}},"27":{"start":{"line":95,"column":6},"end":{"line":95,"column":null}},"28":{"start":{"line":96,"column":6},"end":{"line":96,"column":null}},"29":{"start":{"line":106,"column":4},"end":{"line":106,"column":null}},"30":{"start":{"line":106,"column":31},"end":{"line":106,"column":null}},"31":{"start":{"line":107,"column":4},"end":{"line":107,"column":null}},"32":{"start":{"line":115,"column":4},"end":{"line":115,"column":null}},"33":{"start":{"line":115,"column":31},"end":{"line":115,"column":null}},"34":{"start":{"line":116,"column":4},"end":{"line":119,"column":null}},"35":{"start":{"line":117,"column":6},"end":{"line":117,"column":null}},"36":{"start":{"line":118,"column":6},"end":{"line":118,"column":null}},"37":{"start":{"line":120,"column":4},"end":{"line":120,"column":null}},"38":{"start":{"line":121,"column":4},"end":{"line":121,"column":null}},"39":{"start":{"line":125,"column":4},"end":{"line":125,"column":null}},"40":{"start":{"line":126,"column":4},"end":{"line":128,"column":null}},"41":{"start":{"line":127,"column":6},"end":{"line":127,"column":null}},"42":{"start":{"line":132,"column":4},"end":{"line":132,"column":null}},"43":{"start":{"line":132,"column":33},"end":{"line":132,"column":null}},"44":{"start":{"line":133,"column":16},"end":{"line":133,"column":null}},"45":{"start":{"line":134,"column":16},"end":{"line":134,"column":null}},"46":{"start":{"line":135,"column":4},"end":{"line":135,"column":null}},"47":{"start":{"line":135,"column":21},"end":{"line":135,"column":null}},"48":{"start":{"line":136,"column":16},"end":{"line":136,"column":null}},"49":{"start":{"line":137,"column":4},"end":{"line":137,"column":null}},"50":{"start":{"line":141,"column":4},"end":{"line":141,"column":null}},"51":{"start":{"line":141,"column":21},"end":{"line":141,"column":null}},"52":{"start":{"line":142,"column":4},"end":{"line":142,"column":null}},"53":{"start":{"line":146,"column":4},"end":{"line":156,"column":null}},"54":{"start":{"line":150,"column":8},"end":{"line":150,"column":null}},"55":{"start":{"line":152,"column":8},"end":{"line":152,"column":null}},"56":{"start":{"line":155,"column":8},"end":{"line":155,"column":null}},"57":{"start":{"line":160,"column":4},"end":{"line":168,"column":null}},"58":{"start":{"line":163,"column":6},"end":{"line":166,"column":null}},"59":{"start":{"line":165,"column":8},"end":{"line":165,"column":null}},"60":{"start":{"line":167,"column":6},"end":{"line":167,"column":null}},"61":{"start":{"line":169,"column":4},"end":{"line":169,"column":null}}},"fnMap":{"0":{"name":"(anonymous_0)","decl":{"start":{"line":27,"column":2},"end":{"line":27,"column":13}},"loc":{"start":{"line":27,"column":22},"end":{"line":38,"column":null}},"line":27},"1":{"name":"(anonymous_1)","decl":{"start":{"line":47,"column":2},"end":{"line":47,"column":5}},"loc":{"start":{"line":47,"column":16},"end":{"line":56,"column":null}},"line":47},"2":{"name":"(anonymous_2)","decl":{"start":{"line":64,"column":2},"end":{"line":64,"column":6}},"loc":{"start":{"line":64,"column":15},"end":{"line":68,"column":null}},"line":64},"3":{"name":"(anonymous_3)","decl":{"start":{"line":74,"column":2},"end":{"line":74,"column":11}},"loc":{"start":{"line":74,"column":14},"end":{"line":82,"column":null}},"line":74},"4":{"name":"(anonymous_4)","decl":{"start":{"line":88,"column":2},"end":{"line":88,"column":11}},"loc":{"start":{"line":88,"column":20},"end":{"line":98,"column":null}},"line":88},"5":{"name":"(anonymous_5)","decl":{"start":{"line":105,"column":2},"end":{"line":105,"column":15}},"loc":{"start":{"line":105,"column":18},"end":{"line":108,"column":null}},"line":105},"6":{"name":"(anonymous_6)","decl":{"start":{"line":114,"column":2},"end":{"line":114,"column":20}},"loc":{"start":{"line":114,"column":31},"end":{"line":122,"column":null}},"line":114},"7":{"name":"(anonymous_7)","decl":{"start":{"line":124,"column":2},"end":{"line":124,"column":15}},"loc":{"start":{"line":124,"column":23},"end":{"line":129,"column":null}},"line":124},"8":{"name":"(anonymous_8)","decl":{"start":{"line":131,"column":2},"end":{"line":131,"column":24}},"loc":{"start":{"line":131,"column":27},"end":{"line":138,"column":null}},"line":131},"9":{"name":"(anonymous_9)","decl":{"start":{"line":140,"column":2},"end":{"line":140,"column":12}},"loc":{"start":{"line":140,"column":32},"end":{"line":143,"column":null}},"line":140},"10":{"name":"(anonymous_10)","decl":{"start":{"line":145,"column":2},"end":{"line":145,"column":13}},"loc":{"start":{"line":145,"column":17},"end":{"line":157,"column":null}},"line":145},"11":{"name":"(anonymous_11)","decl":{"start":{"line":159,"column":2},"end":{"line":159,"column":8}},"loc":{"start":{"line":159,"column":24},"end":{"line":170,"column":null}},"line":159}},"branchMap":{"0":{"loc":{"start":{"line":30,"column":17},"end":{"line":30,"column":null}},"type":"binary-expr","locations":[{"start":{"line":30,"column":17},"end":{"line":30,"column":29}},{"start":{"line":30,"column":33},"end":{"line":30,"column":null}}],"line":30},"1":{"loc":{"start":{"line":31,"column":28},"end":{"line":31,"column":null}},"type":"binary-expr","locations":[{"start":{"line":31,"column":28},"end":{"line":31,"column":45}},{"start":{"line":31,"column":49},"end":{"line":31,"column":null}}],"line":31},"2":{"loc":{"start":{"line":32,"column":22},"end":{"line":32,"column":null}},"type":"binary-expr","locations":[{"start":{"line":32,"column":22},"end":{"line":32,"column":38}},{"start":{"line":32,"column":42},"end":{"line":32,"column":null}}],"line":32},"3":{"loc":{"start":{"line":36,"column":23},"end":{"line":36,"column":null}},"type":"binary-expr","locations":[{"start":{"line":36,"column":23},"end":{"line":36,"column":51}},{"start":{"line":36,"column":55},"end":{"line":36,"column":null}}],"line":36},"4":{"loc":{"start":{"line":37,"column":20},"end":{"line":37,"column":null}},"type":"binary-expr","locations":[{"start":{"line":37,"column":20},"end":{"line":37,"column":45}},{"start":{"line":37,"column":49},"end":{"line":37,"column":null}}],"line":37},"5":{"loc":{"start":{"line":49,"column":4},"end":{"line":52,"column":null}},"type":"if","locations":[{"start":{"line":49,"column":4},"end":{"line":52,"column":null}},{"start":{},"end":{}}],"line":49},"6":{"loc":{"start":{"line":78,"column":18},"end":{"line":78,"column":75}},"type":"cond-expr","locations":[{"start":{"line":78,"column":42},"end":{"line":78,"column":68}},{"start":{"line":78,"column":71},"end":{"line":78,"column":75}}],"line":78},"7":{"loc":{"start":{"line":80,"column":17},"end":{"line":80,"column":null}},"type":"cond-expr","locations":[{"start":{"line":80,"column":35},"end":{"line":80,"column":91}},{"start":{"line":80,"column":94},"end":{"line":80,"column":null}}],"line":80},"8":{"loc":{"start":{"line":89,"column":4},"end":{"line":89,"column":null}},"type":"if","locations":[{"start":{"line":89,"column":4},"end":{"line":89,"column":null}},{"start":{},"end":{}}],"line":89},"9":{"loc":{"start":{"line":90,"column":4},"end":{"line":90,"column":null}},"type":"if","locations":[{"start":{"line":90,"column":4},"end":{"line":90,"column":null}},{"start":{},"end":{}}],"line":90},"10":{"loc":{"start":{"line":91,"column":4},"end":{"line":91,"column":null}},"type":"if","locations":[{"start":{"line":91,"column":4},"end":{"line":91,"column":null}},{"start":{},"end":{}}],"line":91},"11":{"loc":{"start":{"line":92,"column":4},"end":{"line":92,"column":null}},"type":"if","locations":[{"start":{"line":92,"column":4},"end":{"line":92,"column":null}},{"start":{},"end":{}}],"line":92},"12":{"loc":{"start":{"line":93,"column":4},"end":{"line":97,"column":null}},"type":"if","locations":[{"start":{"line":93,"column":4},"end":{"line":97,"column":null}},{"start":{},"end":{}}],"line":93},"13":{"loc":{"start":{"line":95,"column":25},"end":{"line":95,"column":null}},"type":"binary-expr","locations":[{"start":{"line":95,"column":25},"end":{"line":95,"column":52}},{"start":{"line":95,"column":56},"end":{"line":95,"column":null}}],"line":95},"14":{"loc":{"start":{"line":96,"column":22},"end":{"line":96,"column":null}},"type":"binary-expr","locations":[{"start":{"line":96,"column":22},"end":{"line":96,"column":46}},{"start":{"line":96,"column":50},"end":{"line":96,"column":null}}],"line":96},"15":{"loc":{"start":{"line":106,"column":4},"end":{"line":106,"column":null}},"type":"if","locations":[{"start":{"line":106,"column":4},"end":{"line":106,"column":null}},{"start":{},"end":{}}],"line":106},"16":{"loc":{"start":{"line":115,"column":4},"end":{"line":115,"column":null}},"type":"if","locations":[{"start":{"line":115,"column":4},"end":{"line":115,"column":null}},{"start":{},"end":{}}],"line":115},"17":{"loc":{"start":{"line":116,"column":4},"end":{"line":119,"column":null}},"type":"if","locations":[{"start":{"line":116,"column":4},"end":{"line":119,"column":null}},{"start":{},"end":{}}],"line":116},"18":{"loc":{"start":{"line":126,"column":4},"end":{"line":128,"column":null}},"type":"if","locations":[{"start":{"line":126,"column":4},"end":{"line":128,"column":null}},{"start":{},"end":{}}],"line":126},"19":{"loc":{"start":{"line":132,"column":4},"end":{"line":132,"column":null}},"type":"if","locations":[{"start":{"line":132,"column":4},"end":{"line":132,"column":null}},{"start":{},"end":{}}],"line":132},"20":{"loc":{"start":{"line":135,"column":4},"end":{"line":135,"column":null}},"type":"if","locations":[{"start":{"line":135,"column":4},"end":{"line":135,"column":null}},{"start":{},"end":{}}],"line":135},"21":{"loc":{"start":{"line":141,"column":4},"end":{"line":141,"column":null}},"type":"if","locations":[{"start":{"line":141,"column":4},"end":{"line":141,"column":null}},{"start":{},"end":{}}],"line":141},"22":{"loc":{"start":{"line":146,"column":4},"end":{"line":156,"column":null}},"type":"switch","locations":[{"start":{"line":147,"column":6},"end":{"line":150,"column":null}},{"start":{"line":151,"column":6},"end":{"line":152,"column":null}},{"start":{"line":153,"column":6},"end":{"line":153,"column":null}},{"start":{"line":154,"column":6},"end":{"line":155,"column":null}}],"line":146},"23":{"loc":{"start":{"line":152,"column":15},"end":{"line":152,"column":null}},"type":"cond-expr","locations":[{"start":{"line":152,"column":25},"end":{"line":152,"column":26}},{"start":{"line":152,"column":29},"end":{"line":152,"column":null}}],"line":152},"24":{"loc":{"start":{"line":160,"column":4},"end":{"line":168,"column":null}},"type":"if","locations":[{"start":{"line":160,"column":4},"end":{"line":168,"column":null}},{"start":{},"end":{}}],"line":160},"25":{"loc":{"start":{"line":163,"column":6},"end":{"line":166,"column":null}},"type":"if","locations":[{"start":{"line":163,"column":6},"end":{"line":166,"column":null}},{"start":{},"end":{}}],"line":163},"26":{"loc":{"start":{"line":163,"column":10},"end":{"line":163,"column":30}},"type":"binary-expr","locations":[{"start":{"line":163,"column":10},"end":{"line":163,"column":18}},{"start":{"line":163,"column":22},"end":{"line":163,"column":30}}],"line":163}},"s":{"0":11,"1":11,"2":11,"3":11,"4":11,"5":11,"6":11,"7":11,"8":21,"9":21,"10":3,"11":18,"12":18,"13":18,"14":5,"15":7,"16":1,"17":1,"18":1,"19":1,"20":1,"21":1,"22":0,"23":1,"24":0,"25":1,"26":0,"27":0,"28":0,"29":3,"30":0,"31":3,"32":21,"33":13,"34":8,"35":8,"36":8,"37":0,"38":0,"39":15,"40":15,"41":5,"42":11,"43":3,"44":8,"45":8,"46":8,"47":2,"48":6,"49":6,"50":18,"51":0,"52":18,"53":18,"54":5,"55":3,"56":10,"57":18,"58":5,"59":0,"60":5,"61":13},"f":{"0":11,"1":21,"2":5,"3":1,"4":1,"5":3,"6":21,"7":15,"8":11,"9":18,"10":18,"11":18},"b":{"0":[11,6],"1":[11,6],"2":[11,7],"3":[11,7],"4":[11,8],"5":[3,18],"6":[1,0],"7":[0,1],"8":[1,0],"9":[1,0],"10":[0,1],"11":[0,1],"12":[0,1],"13":[0,0],"14":[0,0],"15":[0,3],"16":[13,8],"17":[8,0],"18":[5,10],"19":[3,8],"20":[2,6],"21":[0,18],"22":[5,3,10,10],"23":[1,2],"24":[5,13],"25":[0,5],"26":[5,5]},"meta":{"lastBranch":27,"lastFunction":12,"lastStatement":62,"seen":{"f:27:2:27:13":0,"s:28:4:28:Infinity":0,"s:29:4:29:Infinity":1,"s:30:4:30:Infinity":2,"b:30:17:30:29:30:33:30:Infinity":0,"s:31:4:31:Infinity":3,"b:31:28:31:45:31:49:31:Infinity":1,"s:32:4:32:Infinity":4,"b:32:22:32:38:32:42:32:Infinity":2,"s:35:4:35:Infinity":5,"s:36:4:36:Infinity":6,"b:36:23:36:51:36:55:36:Infinity":3,"s:37:4:37:Infinity":7,"b:37:20:37:45:37:49:37:Infinity":4,"f:47:2:47:5":1,"s:48:23:48:Infinity":8,"b:49:4:52:Infinity:undefined:undefined:undefined:undefined":5,"s:49:4:52:Infinity":9,"s:51:6:51:Infinity":10,"s:53:23:53:Infinity":11,"s:54:19:54:Infinity":12,"s:55:4:55:Infinity":13,"f:64:2:64:6":2,"s:65:4:67:Infinity":14,"s:66:6:66:Infinity":15,"f:74:2:74:11":3,"s:75:4:81:Infinity":16,"b:78:42:78:68:78:71:78:75":6,"b:80:35:80:91:80:94:80:Infinity":7,"f:88:2:88:11":4,"b:89:4:89:Infinity:undefined:undefined:undefined:undefined":8,"s:89:4:89:Infinity":17,"s:89:28:89:Infinity":18,"b:90:4:90:Infinity:undefined:undefined:undefined:undefined":9,"s:90:4:90:Infinity":19,"s:90:28:90:Infinity":20,"b:91:4:91:Infinity:undefined:undefined:undefined:undefined":10,"s:91:4:91:Infinity":21,"s:91:28:91:Infinity":22,"b:92:4:92:Infinity:undefined:undefined:undefined:undefined":11,"s:92:4:92:Infinity":23,"s:92:28:92:Infinity":24,"b:93:4:97:Infinity:undefined:undefined:undefined:undefined":12,"s:93:4:97:Infinity":25,"s:94:6:94:Infinity":26,"s:95:6:95:Infinity":27,"b:95:25:95:52:95:56:95:Infinity":13,"s:96:6:96:Infinity":28,"b:96:22:96:46:96:50:96:Infinity":14,"f:105:2:105:15":5,"b:106:4:106:Infinity:undefined:undefined:undefined:undefined":15,"s:106:4:106:Infinity":29,"s:106:31:106:Infinity":30,"s:107:4:107:Infinity":31,"f:114:2:114:20":6,"b:115:4:115:Infinity:undefined:undefined:undefined:undefined":16,"s:115:4:115:Infinity":32,"s:115:31:115:Infinity":33,"b:116:4:119:Infinity:undefined:undefined:undefined:undefined":17,"s:116:4:119:Infinity":34,"s:117:6:117:Infinity":35,"s:118:6:118:Infinity":36,"s:120:4:120:Infinity":37,"s:121:4:121:Infinity":38,"f:124:2:124:15":7,"s:125:4:125:Infinity":39,"b:126:4:128:Infinity:undefined:undefined:undefined:undefined":18,"s:126:4:128:Infinity":40,"s:127:6:127:Infinity":41,"f:131:2:131:24":8,"b:132:4:132:Infinity:undefined:undefined:undefined:undefined":19,"s:132:4:132:Infinity":42,"s:132:33:132:Infinity":43,"s:133:16:133:Infinity":44,"s:134:16:134:Infinity":45,"b:135:4:135:Infinity:undefined:undefined:undefined:undefined":20,"s:135:4:135:Infinity":46,"s:135:21:135:Infinity":47,"s:136:16:136:Infinity":48,"s:137:4:137:Infinity":49,"f:140:2:140:12":9,"b:141:4:141:Infinity:undefined:undefined:undefined:undefined":21,"s:141:4:141:Infinity":50,"s:141:21:141:Infinity":51,"s:142:4:142:Infinity":52,"f:145:2:145:13":10,"b:147:6:150:Infinity:151:6:152:Infinity:153:6:153:Infinity:154:6:155:Infinity":22,"s:146:4:156:Infinity":53,"s:150:8:150:Infinity":54,"s:152:8:152:Infinity":55,"b:152:25:152:26:152:29:152:Infinity":23,"s:155:8:155:Infinity":56,"f:159:2:159:8":11,"b:160:4:168:Infinity:undefined:undefined:undefined:undefined":24,"s:160:4:168:Infinity":57,"b:163:6:166:Infinity:undefined:undefined:undefined:undefined":25,"s:163:6:166:Infinity":58,"b:163:10:163:18:163:22:163:30":26,"s:165:8:165:Infinity":59,"s:167:6:167:Infinity":60,"s:169:4:169:Infinity":61}}}
,"C:\\Users\\graha\\Documents\\dev\\web-sonifier\\packages\\core\\src\\Runtime.js": {"path":"C:\\Users\\graha\\Documents\\dev\\web-sonifier\\packages\\core\\src\\Runtime.js","statementMap":{"0":{"start":{"line":22,"column":4},"end":{"line":22,"column":23}},"1":{"start":{"line":23,"column":4},"end":{"line":23,"column":24}},"2":{"start":{"line":24,"column":4},"end":{"line":24,"column":null}},"3":{"start":{"line":25,"column":4},"end":{"line":25,"column":null}},"4":{"start":{"line":39,"column":4},"end":{"line":39,"column":null}},"5":{"start":{"line":39,"column":28},"end":{"line":39,"column":null}},"6":{"start":{"line":41,"column":4},"end":{"line":41,"column":null}},"7":{"start":{"line":42,"column":4},"end":{"line":42,"column":null}},"8":{"start":{"line":43,"column":4},"end":{"line":43,"column":null}},"9":{"start":{"line":44,"column":4},"end":{"line":44,"column":null}},"10":{"start":{"line":52,"column":4},"end":{"line":54,"column":null}},"11":{"start":{"line":53,"column":6},"end":{"line":53,"column":null}},"12":{"start":{"line":61,"column":4},"end":{"line":63,"column":null}},"13":{"start":{"line":62,"column":6},"end":{"line":62,"column":null}},"14":{"start":{"line":71,"column":4},"end":{"line":74,"column":null}},"15":{"start":{"line":72,"column":6},"end":{"line":72,"column":null}},"16":{"start":{"line":73,"column":6},"end":{"line":73,"column":null}},"17":{"start":{"line":75,"column":20},"end":{"line":75,"column":null}},"18":{"start":{"line":77,"column":4},"end":{"line":77,"column":null}},"19":{"start":{"line":85,"column":4},"end":{"line":85,"column":null}},"20":{"start":{"line":98,"column":4},"end":{"line":100,"column":null}},"21":{"start":{"line":99,"column":6},"end":{"line":99,"column":null}},"22":{"start":{"line":101,"column":4},"end":{"line":101,"column":null}},"23":{"start":{"line":109,"column":4},"end":{"line":109,"column":null}},"24":{"start":{"line":127,"column":15},"end":{"line":127,"column":null}},"25":{"start":{"line":129,"column":4},"end":{"line":131,"column":null}},"26":{"start":{"line":130,"column":6},"end":{"line":130,"column":null}},"27":{"start":{"line":132,"column":4},"end":{"line":134,"column":null}},"28":{"start":{"line":133,"column":6},"end":{"line":133,"column":null}},"29":{"start":{"line":135,"column":4},"end":{"line":138,"column":null}},"30":{"start":{"line":136,"column":6},"end":{"line":136,"column":null}},"31":{"start":{"line":137,"column":6},"end":{"line":137,"column":null}},"32":{"start":{"line":140,"column":21},"end":{"line":140,"column":null}},"33":{"start":{"line":141,"column":4},"end":{"line":141,"column":null}},"34":{"start":{"line":142,"column":4},"end":{"line":142,"column":null}},"35":{"start":{"line":144,"column":4},"end":{"line":144,"column":null}},"36":{"start":{"line":145,"column":4},"end":{"line":145,"column":null}},"37":{"start":{"line":153,"column":21},"end":{"line":153,"column":null}},"38":{"start":{"line":154,"column":4},"end":{"line":157,"column":null}},"39":{"start":{"line":155,"column":6},"end":{"line":155,"column":null}},"40":{"start":{"line":156,"column":6},"end":{"line":156,"column":null}},"41":{"start":{"line":158,"column":4},"end":{"line":158,"column":null}},"42":{"start":{"line":159,"column":4},"end":{"line":159,"column":null}},"43":{"start":{"line":167,"column":4},"end":{"line":169,"column":null}},"44":{"start":{"line":168,"column":6},"end":{"line":168,"column":null}},"45":{"start":{"line":170,"column":4},"end":{"line":174,"column":null}},"46":{"start":{"line":171,"column":6},"end":{"line":171,"column":null}},"47":{"start":{"line":172,"column":6},"end":{"line":172,"column":null}},"48":{"start":{"line":173,"column":6},"end":{"line":173,"column":null}}},"fnMap":{"0":{"name":"(anonymous_0)","decl":{"start":{"line":21,"column":2},"end":{"line":21,"column":13}},"loc":{"start":{"line":21,"column":16},"end":{"line":26,"column":null}},"line":21},"1":{"name":"(anonymous_1)","decl":{"start":{"line":38,"column":2},"end":{"line":38,"column":7}},"loc":{"start":{"line":38,"column":10},"end":{"line":45,"column":null}},"line":38},"2":{"name":"(anonymous_2)","decl":{"start":{"line":51,"column":8},"end":{"line":51,"column":15}},"loc":{"start":{"line":51,"column":18},"end":{"line":55,"column":null}},"line":51},"3":{"name":"(anonymous_3)","decl":{"start":{"line":60,"column":8},"end":{"line":60,"column":14}},"loc":{"start":{"line":60,"column":17},"end":{"line":64,"column":null}},"line":60},"4":{"name":"(anonymous_4)","decl":{"start":{"line":70,"column":2},"end":{"line":70,"column":17}},"loc":{"start":{"line":70,"column":25},"end":{"line":78,"column":null}},"line":70},"5":{"name":"(anonymous_5)","decl":{"start":{"line":84,"column":2},"end":{"line":84,"column":17}},"loc":{"start":{"line":84,"column":20},"end":{"line":86,"column":null}},"line":84},"6":{"name":"(anonymous_6)","decl":{"start":{"line":97,"column":2},"end":{"line":97,"column":10}},"loc":{"start":{"line":97,"column":30},"end":{"line":102,"column":null}},"line":97},"7":{"name":"(anonymous_7)","decl":{"start":{"line":108,"column":2},"end":{"line":108,"column":16}},"loc":{"start":{"line":108,"column":19},"end":{"line":110,"column":null}},"line":108},"8":{"name":"(anonymous_8)","decl":{"start":{"line":126,"column":2},"end":{"line":126,"column":8}},"loc":{"start":{"line":126,"column":27},"end":{"line":146,"column":null}},"line":126},"9":{"name":"(anonymous_9)","decl":{"start":{"line":152,"column":2},"end":{"line":152,"column":9}},"loc":{"start":{"line":152,"column":22},"end":{"line":160,"column":null}},"line":152},"10":{"name":"(anonymous_10)","decl":{"start":{"line":166,"column":8},"end":{"line":166,"column":18}},"loc":{"start":{"line":166,"column":21},"end":{"line":175,"column":null}},"line":166}},"branchMap":{"0":{"loc":{"start":{"line":39,"column":4},"end":{"line":39,"column":null}},"type":"if","locations":[{"start":{"line":39,"column":4},"end":{"line":39,"column":null}},{"start":{},"end":{}}],"line":39},"1":{"loc":{"start":{"line":52,"column":4},"end":{"line":54,"column":null}},"type":"if","locations":[{"start":{"line":52,"column":4},"end":{"line":54,"column":null}},{"start":{},"end":{}}],"line":52},"2":{"loc":{"start":{"line":61,"column":4},"end":{"line":63,"column":null}},"type":"if","locations":[{"start":{"line":61,"column":4},"end":{"line":63,"column":null}},{"start":{},"end":{}}],"line":61},"3":{"loc":{"start":{"line":71,"column":4},"end":{"line":74,"column":null}},"type":"if","locations":[{"start":{"line":71,"column":4},"end":{"line":74,"column":null}},{"start":{},"end":{}}],"line":71},"4":{"loc":{"start":{"line":85,"column":11},"end":{"line":85,"column":null}},"type":"binary-expr","locations":[{"start":{"line":85,"column":11},"end":{"line":85,"column":39}},{"start":{"line":85,"column":43},"end":{"line":85,"column":null}}],"line":85},"5":{"loc":{"start":{"line":98,"column":4},"end":{"line":100,"column":null}},"type":"if","locations":[{"start":{"line":98,"column":4},"end":{"line":100,"column":null}},{"start":{},"end":{}}],"line":98},"6":{"loc":{"start":{"line":127,"column":15},"end":{"line":127,"column":null}},"type":"binary-expr","locations":[{"start":{"line":127,"column":15},"end":{"line":127,"column":25}},{"start":{"line":127,"column":29},"end":{"line":127,"column":null}}],"line":127},"7":{"loc":{"start":{"line":129,"column":4},"end":{"line":131,"column":null}},"type":"if","locations":[{"start":{"line":129,"column":4},"end":{"line":131,"column":null}},{"start":{},"end":{}}],"line":129},"8":{"loc":{"start":{"line":132,"column":4},"end":{"line":134,"column":null}},"type":"if","locations":[{"start":{"line":132,"column":4},"end":{"line":134,"column":null}},{"start":{},"end":{}}],"line":132},"9":{"loc":{"start":{"line":135,"column":4},"end":{"line":138,"column":null}},"type":"if","locations":[{"start":{"line":135,"column":4},"end":{"line":138,"column":null}},{"start":{},"end":{}}],"line":135},"10":{"loc":{"start":{"line":154,"column":4},"end":{"line":157,"column":null}},"type":"if","locations":[{"start":{"line":154,"column":4},"end":{"line":157,"column":null}},{"start":{},"end":{}}],"line":154},"11":{"loc":{"start":{"line":170,"column":4},"end":{"line":174,"column":null}},"type":"if","locations":[{"start":{"line":170,"column":4},"end":{"line":174,"column":null}},{"start":{},"end":{}}],"line":170}},"s":{"0":8,"1":8,"2":8,"3":8,"4":6,"5":0,"6":6,"7":6,"8":6,"9":6,"10":1,"11":1,"12":1,"13":1,"14":1,"15":0,"16":0,"17":1,"18":1,"19":2,"20":6,"21":0,"22":6,"23":1,"24":7,"25":7,"26":0,"27":7,"28":1,"29":6,"30":0,"31":0,"32":6,"33":6,"34":6,"35":6,"36":6,"37":3,"38":3,"39":0,"40":0,"41":3,"42":3,"43":1,"44":2,"45":1,"46":1,"47":1,"48":1},"f":{"0":8,"1":6,"2":1,"3":1,"4":1,"5":2,"6":6,"7":1,"8":7,"9":3,"10":1},"b":{"0":[0,6],"1":[1,0],"2":[1,0],"3":[0,1],"4":[2,1],"5":[0,6],"6":[7,3],"7":[0,7],"8":[1,6],"9":[0,6],"10":[0,3],"11":[1,0]},"meta":{"lastBranch":12,"lastFunction":11,"lastStatement":49,"seen":{"f:21:2:21:13":0,"s:22:4:22:23":0,"s:23:4:23:24":1,"s:24:4:24:Infinity":2,"s:25:4:25:Infinity":3,"f:38:2:38:7":1,"b:39:4:39:Infinity:undefined:undefined:undefined:undefined":0,"s:39:4:39:Infinity":4,"s:39:28:39:Infinity":5,"s:41:4:41:Infinity":6,"s:42:4:42:Infinity":7,"s:43:4:43:Infinity":8,"s:44:4:44:Infinity":9,"f:51:8:51:15":2,"b:52:4:54:Infinity:undefined:undefined:undefined:undefined":1,"s:52:4:54:Infinity":10,"s:53:6:53:Infinity":11,"f:60:8:60:14":3,"b:61:4:63:Infinity:undefined:undefined:undefined:undefined":2,"s:61:4:63:Infinity":12,"s:62:6:62:Infinity":13,"f:70:2:70:17":4,"b:71:4:74:Infinity:undefined:undefined:undefined:undefined":3,"s:71:4:74:Infinity":14,"s:72:6:72:Infinity":15,"s:73:6:73:Infinity":16,"s:75:20:75:Infinity":17,"s:77:4:77:Infinity":18,"f:84:2:84:17":5,"s:85:4:85:Infinity":19,"b:85:11:85:39:85:43:85:Infinity":4,"f:97:2:97:10":6,"b:98:4:100:Infinity:undefined:undefined:undefined:undefined":5,"s:98:4:100:Infinity":20,"s:99:6:99:Infinity":21,"s:101:4:101:Infinity":22,"f:108:2:108:16":7,"s:109:4:109:Infinity":23,"f:126:2:126:8":8,"s:127:15:127:Infinity":24,"b:127:15:127:25:127:29:127:Infinity":6,"b:129:4:131:Infinity:undefined:undefined:undefined:undefined":7,"s:129:4:131:Infinity":25,"s:130:6:130:Infinity":26,"b:132:4:134:Infinity:undefined:undefined:undefined:undefined":8,"s:132:4:134:Infinity":27,"s:133:6:133:Infinity":28,"b:135:4:138:Infinity:undefined:undefined:undefined:undefined":9,"s:135:4:138:Infinity":29,"s:136:6:136:Infinity":30,"s:137:6:137:Infinity":31,"s:140:21:140:Infinity":32,"s:141:4:141:Infinity":33,"s:142:4:142:Infinity":34,"s:144:4:144:Infinity":35,"s:145:4:145:Infinity":36,"f:152:2:152:9":9,"s:153:21:153:Infinity":37,"b:154:4:157:Infinity:undefined:undefined:undefined:undefined":10,"s:154:4:157:Infinity":38,"s:155:6:155:Infinity":39,"s:156:6:156:Infinity":40,"s:158:4:158:Infinity":41,"s:159:4:159:Infinity":42,"f:166:8:166:18":10,"s:167:4:169:Infinity":43,"s:168:6:168:Infinity":44,"b:170:4:174:Infinity:undefined:undefined:undefined:undefined":11,"s:170:4:174:Infinity":45,"s:171:6:171:Infinity":46,"s:172:6:172:Infinity":47,"s:173:6:173:Infinity":48}}}
,"C:\\Users\\graha\\Documents\\dev\\web-sonifier\\packages\\core\\src\\SonifierBase.js": {"path":"C:\\Users\\graha\\Documents\\dev\\web-sonifier\\packages\\core\\src\\SonifierBase.js","statementMap":{"0":{"start":{"line":13,"column":4},"end":{"line":13,"column":null}},"1":{"start":{"line":33,"column":4},"end":{"line":33,"column":null}},"2":{"start":{"line":44,"column":4},"end":{"line":44,"column":null}},"3":{"start":{"line":55,"column":4},"end":{"line":55,"column":null}},"4":{"start":{"line":63,"column":4},"end":{"line":63,"column":null}},"5":{"start":{"line":78,"column":19},"end":{"line":78,"column":null}},"6":{"start":{"line":79,"column":4},"end":{"line":82,"column":null}},"7":{"start":{"line":80,"column":6},"end":{"line":80,"column":null}},"8":{"start":{"line":81,"column":6},"end":{"line":81,"column":null}},"9":{"start":{"line":84,"column":19},"end":{"line":84,"column":null}},"10":{"start":{"line":85,"column":4},"end":{"line":85,"column":null}},"11":{"start":{"line":86,"column":4},"end":{"line":86,"column":null}},"12":{"start":{"line":95,"column":4},"end":{"line":95,"column":null}},"13":{"start":{"line":103,"column":4},"end":{"line":107,"column":null}},"14":{"start":{"line":104,"column":6},"end":{"line":106,"column":null}},"15":{"start":{"line":105,"column":8},"end":{"line":105,"column":null}},"16":{"start":{"line":115,"column":4},"end":{"line":115,"column":null}},"17":{"start":{"line":115,"column":43},"end":{"line":115,"column":58}},"18":{"start":{"line":119,"column":4},"end":{"line":133,"column":null}},"19":{"start":{"line":120,"column":16},"end":{"line":120,"column":null}},"20":{"start":{"line":121,"column":6},"end":{"line":124,"column":null}},"21":{"start":{"line":122,"column":8},"end":{"line":122,"column":null}},"22":{"start":{"line":123,"column":8},"end":{"line":123,"column":null}},"23":{"start":{"line":125,"column":6},"end":{"line":131,"column":null}},"24":{"start":{"line":126,"column":27},"end":{"line":126,"column":null}},"25":{"start":{"line":127,"column":8},"end":{"line":130,"column":null}},"26":{"start":{"line":128,"column":10},"end":{"line":128,"column":null}},"27":{"start":{"line":129,"column":10},"end":{"line":129,"column":null}},"28":{"start":{"line":132,"column":6},"end":{"line":132,"column":null}},"29":{"start":{"line":135,"column":4},"end":{"line":141,"column":null}},"30":{"start":{"line":136,"column":6},"end":{"line":139,"column":null}},"31":{"start":{"line":137,"column":8},"end":{"line":137,"column":null}},"32":{"start":{"line":138,"column":8},"end":{"line":138,"column":null}},"33":{"start":{"line":140,"column":6},"end":{"line":140,"column":null}},"34":{"start":{"line":143,"column":4},"end":{"line":145,"column":null}},"35":{"start":{"line":144,"column":6},"end":{"line":144,"column":null}},"36":{"start":{"line":147,"column":4},"end":{"line":147,"column":null}}},"fnMap":{"0":{"name":"(anonymous_0)","decl":{"start":{"line":12,"column":2},"end":{"line":12,"column":13}},"loc":{"start":{"line":12,"column":16},"end":{"line":14,"column":null}},"line":12},"1":{"name":"(anonymous_1)","decl":{"start":{"line":32,"column":2},"end":{"line":32,"column":16}},"loc":{"start":{"line":32,"column":19},"end":{"line":34,"column":null}},"line":32},"2":{"name":"(anonymous_2)","decl":{"start":{"line":43,"column":2},"end":{"line":43,"column":6}},"loc":{"start":{"line":43,"column":33},"end":{"line":45,"column":null}},"line":43},"3":{"name":"(anonymous_3)","decl":{"start":{"line":54,"column":2},"end":{"line":54,"column":9}},"loc":{"start":{"line":54,"column":23},"end":{"line":56,"column":null}},"line":54},"4":{"name":"(anonymous_4)","decl":{"start":{"line":62,"column":2},"end":{"line":62,"column":9}},"loc":{"start":{"line":62,"column":12},"end":{"line":64,"column":null}},"line":62},"5":{"name":"(anonymous_5)","decl":{"start":{"line":77,"column":2},"end":{"line":77,"column":10}},"loc":{"start":{"line":77,"column":24},"end":{"line":87,"column":null}},"line":77},"6":{"name":"(anonymous_6)","decl":{"start":{"line":94,"column":2},"end":{"line":94,"column":10}},"loc":{"start":{"line":94,"column":17},"end":{"line":96,"column":null}},"line":94},"7":{"name":"(anonymous_7)","decl":{"start":{"line":102,"column":2},"end":{"line":102,"column":15}},"loc":{"start":{"line":102,"column":18},"end":{"line":108,"column":null}},"line":102},"8":{"name":"(anonymous_8)","decl":{"start":{"line":114,"column":2},"end":{"line":114,"column":17}},"loc":{"start":{"line":114,"column":24},"end":{"line":116,"column":null}},"line":114},"9":{"name":"(anonymous_9)","decl":{"start":{"line":115,"column":38},"end":{"line":115,"column":39}},"loc":{"start":{"line":115,"column":43},"end":{"line":115,"column":58}},"line":115},"10":{"name":"(anonymous_10)","decl":{"start":{"line":118,"column":2},"end":{"line":118,"column":11}},"loc":{"start":{"line":118,"column":27},"end":{"line":148,"column":null}},"line":118}},"branchMap":{"0":{"loc":{"start":{"line":79,"column":4},"end":{"line":82,"column":null}},"type":"if","locations":[{"start":{"line":79,"column":4},"end":{"line":82,"column":null}},{"start":{},"end":{}}],"line":79},"1":{"loc":{"start":{"line":104,"column":6},"end":{"line":106,"column":null}},"type":"if","locations":[{"start":{"line":104,"column":6},"end":{"line":106,"column":null}},{"start":{},"end":{}}],"line":104},"2":{"loc":{"start":{"line":115,"column":11},"end":{"line":115,"column":null}},"type":"binary-expr","locations":[{"start":{"line":115,"column":11},"end":{"line":115,"column":59}},{"start":{"line":115,"column":63},"end":{"line":115,"column":null}}],"line":115},"3":{"loc":{"start":{"line":119,"column":4},"end":{"line":133,"column":null}},"type":"if","locations":[{"start":{"line":119,"column":4},"end":{"line":133,"column":null}},{"start":{},"end":{}}],"line":119},"4":{"loc":{"start":{"line":121,"column":6},"end":{"line":124,"column":null}},"type":"if","locations":[{"start":{"line":121,"column":6},"end":{"line":124,"column":null}},{"start":{},"end":{}}],"line":121},"5":{"loc":{"start":{"line":123,"column":15},"end":{"line":123,"column":null}},"type":"binary-expr","locations":[{"start":{"line":123,"column":15},"end":{"line":123,"column":29}},{"start":{"line":123,"column":33},"end":{"line":123,"column":null}}],"line":123},"6":{"loc":{"start":{"line":125,"column":6},"end":{"line":131,"column":null}},"type":"if","locations":[{"start":{"line":125,"column":6},"end":{"line":131,"column":null}},{"start":{},"end":{}}],"line":125},"7":{"loc":{"start":{"line":127,"column":8},"end":{"line":130,"column":null}},"type":"if","locations":[{"start":{"line":127,"column":8},"end":{"line":130,"column":null}},{"start":{},"end":{}}],"line":127},"8":{"loc":{"start":{"line":127,"column":12},"end":{"line":127,"column":30}},"type":"binary-expr","locations":[{"start":{"line":127,"column":12},"end":{"line":127,"column":19}},{"start":{"line":127,"column":23},"end":{"line":127,"column":30}}],"line":127},"9":{"loc":{"start":{"line":135,"column":4},"end":{"line":141,"column":null}},"type":"if","locations":[{"start":{"line":135,"column":4},"end":{"line":141,"column":null}},{"start":{},"end":{}}],"line":135},"10":{"loc":{"start":{"line":136,"column":6},"end":{"line":139,"column":null}},"type":"if","locations":[{"start":{"line":136,"column":6},"end":{"line":139,"column":null}},{"start":{},"end":{}}],"line":136},"11":{"loc":{"start":{"line":138,"column":15},"end":{"line":138,"column":null}},"type":"binary-expr","locations":[{"start":{"line":138,"column":15},"end":{"line":138,"column":29}},{"start":{"line":138,"column":33},"end":{"line":138,"column":null}}],"line":138},"12":{"loc":{"start":{"line":143,"column":4},"end":{"line":145,"column":null}},"type":"if","locations":[{"start":{"line":143,"column":4},"end":{"line":145,"column":null}},{"start":{},"end":{}}],"line":143}},"s":{"0":28,"1":0,"2":0,"3":0,"4":0,"5":64,"6":64,"7":1,"8":1,"9":63,"10":63,"11":63,"12":158,"13":17,"14":51,"15":51,"16":64,"17":174,"18":63,"19":57,"20":57,"21":1,"22":1,"23":56,"24":56,"25":56,"26":3,"27":3,"28":53,"29":6,"30":3,"31":1,"32":1,"33":2,"34":3,"35":3,"36":0},"f":{"0":28,"1":0,"2":0,"3":0,"4":0,"5":64,"6":158,"7":17,"8":64,"9":174,"10":63},"b":{"0":[1,63],"1":[51,0],"2":[64,1],"3":[57,6],"4":[1,56],"5":[1,0],"6":[56,0],"7":[3,53],"8":[56,55],"9":[3,3],"10":[1,2],"11":[1,0],"12":[3,0]},"meta":{"lastBranch":13,"lastFunction":11,"lastStatement":37,"seen":{"f:12:2:12:13":0,"s:13:4:13:Infinity":0,"f:32:2:32:16":1,"s:33:4:33:Infinity":1,"f:43:2:43:6":2,"s:44:4:44:Infinity":2,"f:54:2:54:9":3,"s:55:4:55:Infinity":3,"f:62:2:62:9":4,"s:63:4:63:Infinity":4,"f:77:2:77:10":5,"s:78:19:78:Infinity":5,"b:79:4:82:Infinity:undefined:undefined:undefined:undefined":0,"s:79:4:82:Infinity":6,"s:80:6:80:Infinity":7,"s:81:6:81:Infinity":8,"s:84:19:84:Infinity":9,"s:85:4:85:Infinity":10,"s:86:4:86:Infinity":11,"f:94:2:94:10":6,"s:95:4:95:Infinity":12,"f:102:2:102:15":7,"s:103:4:107:Infinity":13,"b:104:6:106:Infinity:undefined:undefined:undefined:undefined":1,"s:104:6:106:Infinity":14,"s:105:8:105:Infinity":15,"f:114:2:114:17":8,"s:115:4:115:Infinity":16,"b:115:11:115:59:115:63:115:Infinity":2,"f:115:38:115:39":9,"s:115:43:115:58":17,"f:118:2:118:11":10,"b:119:4:133:Infinity:undefined:undefined:undefined:undefined":3,"s:119:4:133:Infinity":18,"s:120:16:120:Infinity":19,"b:121:6:124:Infinity:undefined:undefined:undefined:undefined":4,"s:121:6:124:Infinity":20,"s:122:8:122:Infinity":21,"s:123:8:123:Infinity":22,"b:123:15:123:29:123:33:123:Infinity":5,"b:125:6:131:Infinity:undefined:undefined:undefined:undefined":6,"s:125:6:131:Infinity":23,"s:126:27:126:Infinity":24,"b:127:8:130:Infinity:undefined:undefined:undefined:undefined":7,"s:127:8:130:Infinity":25,"b:127:12:127:19:127:23:127:30":8,"s:128:10:128:Infinity":26,"s:129:10:129:Infinity":27,"s:132:6:132:Infinity":28,"b:135:4:141:Infinity:undefined:undefined:undefined:undefined":9,"s:135:4:141:Infinity":29,"b:136:6:139:Infinity:undefined:undefined:undefined:undefined":10,"s:136:6:139:Infinity":30,"s:137:8:137:Infinity":31,"s:138:8:138:Infinity":32,"b:138:15:138:29:138:33:138:Infinity":11,"s:140:6:140:Infinity":33,"b:143:4:145:Infinity:undefined:undefined:undefined:undefined":12,"s:143:4:145:Infinity":34,"s:144:6:144:Infinity":35,"s:147:4:147:Infinity":36}}}
,"C:\\Users\\graha\\Documents\\dev\\web-sonifier\\packages\\core\\src\\index.js": {"path":"C:\\Users\\graha\\Documents\\dev\\web-sonifier\\packages\\core\\src\\index.js","statementMap":{},"fnMap":{},"branchMap":{},"s":{},"f":{},"b":{},"meta":{"lastBranch":0,"lastFunction":0,"lastStatement":0,"seen":{}}}
,"C:\\Users\\graha\\Documents\\dev\\web-sonifier\\packages\\core\\test\\setup.js": {"path":"C:\\Users\\graha\\Documents\\dev\\web-sonifier\\packages\\core\\test\\setup.js","statementMap":{"0":{"start":{"line":9,"column":4},"end":{"line":9,"column":null}},"1":{"start":{"line":12,"column":4},"end":{"line":12,"column":null}},"2":{"start":{"line":18,"column":4},"end":{"line":18,"column":null}},"3":{"start":{"line":26,"column":4},"end":{"line":26,"column":null}},"4":{"start":{"line":27,"column":4},"end":{"line":27,"column":null}},"5":{"start":{"line":37,"column":4},"end":{"line":37,"column":null}},"6":{"start":{"line":38,"column":4},"end":{"line":38,"column":null}},"7":{"start":{"line":39,"column":4},"end":{"line":39,"column":null}},"8":{"start":{"line":40,"column":4},"end":{"line":40,"column":null}},"9":{"start":{"line":43,"column":4},"end":{"line":43,"column":null}},"10":{"start":{"line":49,"column":4},"end":{"line":49,"column":null}},"11":{"start":{"line":50,"column":4},"end":{"line":50,"column":null}},"12":{"start":{"line":52,"column":17},"end":{"line":52,"column":42}},"13":{"start":{"line":53,"column":23},"end":{"line":53,"column":54}},"14":{"start":{"line":55,"column":4},"end":{"line":55,"column":null}},"15":{"start":{"line":58,"column":4},"end":{"line":64,"column":null}},"16":{"start":{"line":66,"column":14},"end":{"line":66,"column":38}},"17":{"start":{"line":67,"column":13},"end":{"line":67,"column":37}},"18":{"start":{"line":68,"column":12},"end":{"line":68,"column":36}},"19":{"start":{"line":71,"column":0},"end":{"line":71,"column":null}}},"fnMap":{"0":{"name":"(anonymous_0)","decl":{"start":{"line":8,"column":2},"end":{"line":8,"column":13}},"loc":{"start":{"line":8,"column":16},"end":{"line":10,"column":null}},"line":8},"1":{"name":"(anonymous_1)","decl":{"start":{"line":11,"column":2},"end":{"line":11,"column":17}},"loc":{"start":{"line":11,"column":50},"end":{"line":13,"column":null}},"line":11},"2":{"name":"(anonymous_2)","decl":{"start":{"line":17,"column":2},"end":{"line":17,"column":13}},"loc":{"start":{"line":17,"column":16},"end":{"line":19,"column":null}},"line":17},"3":{"name":"(anonymous_3)","decl":{"start":{"line":20,"column":2},"end":{"line":20,"column":9}},"loc":{"start":{"line":20,"column":12},"end":{"line":20,"column":null}},"line":20},"4":{"name":"(anonymous_4)","decl":{"start":{"line":21,"column":2},"end":{"line":21,"column":12}},"loc":{"start":{"line":21,"column":15},"end":{"line":21,"column":null}},"line":21},"5":{"name":"(anonymous_5)","decl":{"start":{"line":25,"column":2},"end":{"line":25,"column":13}},"loc":{"start":{"line":25,"column":16},"end":{"line":28,"column":null}},"line":25},"6":{"name":"(anonymous_6)","decl":{"start":{"line":29,"column":2},"end":{"line":29,"column":9}},"loc":{"start":{"line":29,"column":12},"end":{"line":29,"column":null}},"line":29},"7":{"name":"(anonymous_7)","decl":{"start":{"line":30,"column":2},"end":{"line":30,"column":12}},"loc":{"start":{"line":30,"column":15},"end":{"line":30,"column":null}},"line":30},"8":{"name":"(anonymous_8)","decl":{"start":{"line":31,"column":2},"end":{"line":31,"column":7}},"loc":{"start":{"line":31,"column":10},"end":{"line":31,"column":null}},"line":31},"9":{"name":"(anonymous_9)","decl":{"start":{"line":32,"column":2},"end":{"line":32,"column":6}},"loc":{"start":{"line":32,"column":9},"end":{"line":32,"column":null}},"line":32},"10":{"name":"(anonymous_10)","decl":{"start":{"line":36,"column":2},"end":{"line":36,"column":13}},"loc":{"start":{"line":36,"column":44},"end":{"line":41,"column":null}},"line":36},"11":{"name":"(anonymous_11)","decl":{"start":{"line":42,"column":2},"end":{"line":42,"column":16}},"loc":{"start":{"line":42,"column":19},"end":{"line":44,"column":null}},"line":42},"12":{"name":"(anonymous_12)","decl":{"start":{"line":48,"column":2},"end":{"line":48,"column":13}},"loc":{"start":{"line":48,"column":16},"end":{"line":51,"column":null}},"line":48},"13":{"name":"(anonymous_13)","decl":{"start":{"line":52,"column":2},"end":{"line":52,"column":12}},"loc":{"start":{"line":52,"column":15},"end":{"line":52,"column":null}},"line":52},"14":{"name":"(anonymous_14)","decl":{"start":{"line":53,"column":2},"end":{"line":53,"column":18}},"loc":{"start":{"line":53,"column":21},"end":{"line":53,"column":null}},"line":53},"15":{"name":"(anonymous_15)","decl":{"start":{"line":54,"column":2},"end":{"line":54,"column":14}},"loc":{"start":{"line":54,"column":45},"end":{"line":56,"column":null}},"line":54},"16":{"name":"(anonymous_16)","decl":{"start":{"line":57,"column":2},"end":{"line":57,"column":20}},"loc":{"start":{"line":57,"column":23},"end":{"line":65,"column":null}},"line":57},"17":{"name":"(anonymous_17)","decl":{"start":{"line":60,"column":15},"end":{"line":60,"column":16}},"loc":{"start":{"line":60,"column":21},"end":{"line":60,"column":23}},"line":60},"18":{"name":"(anonymous_18)","decl":{"start":{"line":61,"column":13},"end":{"line":61,"column":14}},"loc":{"start":{"line":61,"column":19},"end":{"line":61,"column":21}},"line":61},"19":{"name":"(anonymous_19)","decl":{"start":{"line":62,"column":12},"end":{"line":62,"column":13}},"loc":{"start":{"line":62,"column":18},"end":{"line":62,"column":20}},"line":62},"20":{"name":"(anonymous_20)","decl":{"start":{"line":63,"column":18},"end":{"line":63,"column":19}},"loc":{"start":{"line":63,"column":24},"end":{"line":63,"column":null}},"line":63},"21":{"name":"(anonymous_21)","decl":{"start":{"line":66,"column":2},"end":{"line":66,"column":9}},"loc":{"start":{"line":66,"column":12},"end":{"line":66,"column":null}},"line":66},"22":{"name":"(anonymous_22)","decl":{"start":{"line":67,"column":2},"end":{"line":67,"column":8}},"loc":{"start":{"line":67,"column":11},"end":{"line":67,"column":null}},"line":67},"23":{"name":"(anonymous_23)","decl":{"start":{"line":68,"column":2},"end":{"line":68,"column":7}},"loc":{"start":{"line":68,"column":10},"end":{"line":68,"column":null}},"line":68}},"branchMap":{},"s":{"0":6,"1":1,"2":6,"3":0,"4":0,"5":0,"6":0,"7":0,"8":0,"9":0,"10":6,"11":6,"12":6,"13":0,"14":0,"15":0,"16":1,"17":1,"18":1,"19":5},"f":{"0":6,"1":1,"2":6,"3":6,"4":0,"5":0,"6":0,"7":0,"8":0,"9":0,"10":0,"11":0,"12":6,"13":6,"14":0,"15":0,"16":0,"17":0,"18":0,"19":0,"20":0,"21":1,"22":1,"23":1},"b":{},"meta":{"lastBranch":0,"lastFunction":24,"lastStatement":20,"seen":{"f:8:2:8:13":0,"s:9:4:9:Infinity":0,"f:11:2:11:17":1,"s:12:4:12:Infinity":1,"f:17:2:17:13":2,"s:18:4:18:Infinity":2,"f:20:2:20:9":3,"f:21:2:21:12":4,"f:25:2:25:13":5,"s:26:4:26:Infinity":3,"s:27:4:27:Infinity":4,"f:29:2:29:9":6,"f:30:2:30:12":7,"f:31:2:31:7":8,"f:32:2:32:6":9,"f:36:2:36:13":10,"s:37:4:37:Infinity":5,"s:38:4:38:Infinity":6,"s:39:4:39:Infinity":7,"s:40:4:40:Infinity":8,"f:42:2:42:16":11,"s:43:4:43:Infinity":9,"f:48:2:48:13":12,"s:49:4:49:Infinity":10,"s:50:4:50:Infinity":11,"f:52:2:52:12":13,"s:52:17:52:42":12,"f:53:2:53:18":14,"s:53:23:53:54":13,"f:54:2:54:14":15,"s:55:4:55:Infinity":14,"f:57:2:57:20":16,"s:58:4:64:Infinity":15,"f:60:15:60:16":17,"f:61:13:61:14":18,"f:62:12:62:13":19,"f:63:18:63:19":20,"f:66:2:66:9":21,"s:66:14:66:38":16,"f:67:2:67:8":22,"s:67:13:67:37":17,"f:68:2:68:7":23,"s:68:12:68:36":18,"s:71:0:71:Infinity":19}}}
,"C:\\Users\\graha\\Documents\\dev\\web-sonifier\\packages\\liquid\\src\\LiquidSonifier.js": {"path":"C:\\Users\\graha\\Documents\\dev\\web-sonifier\\packages\\liquid\\src\\LiquidSonifier.js","statementMap":{"0":{"start":{"line":11,"column":4},"end":{"line":39,"column":5}},"1":{"start":{"line":47,"column":4},"end":{"line":47,"column":11}},"2":{"start":{"line":48,"column":4},"end":{"line":48,"column":37}},"3":{"start":{"line":49,"column":4},"end":{"line":49,"column":28}},"4":{"start":{"line":53,"column":4},"end":{"line":53,"column":28}},"5":{"start":{"line":54,"column":4},"end":{"line":54,"column":29}},"6":{"start":{"line":57,"column":4},"end":{"line":57,"column":46}},"7":{"start":{"line":58,"column":4},"end":{"line":58,"column":33}},"8":{"start":{"line":59,"column":4},"end":{"line":59,"column":38}},"9":{"start":{"line":61,"column":4},"end":{"line":75,"column":5}},"10":{"start":{"line":63,"column":6},"end":{"line":63,"column":64}},"11":{"start":{"line":66,"column":6},"end":{"line":66,"column":87}},"12":{"start":{"line":67,"column":6},"end":{"line":67,"column":47}},"13":{"start":{"line":70,"column":6},"end":{"line":70,"column":26}},"14":{"start":{"line":71,"column":6},"end":{"line":71,"column":29}},"15":{"start":{"line":73,"column":6},"end":{"line":73,"column":53}},"16":{"start":{"line":74,"column":6},"end":{"line":74,"column":13}},"17":{"start":{"line":79,"column":4},"end":{"line":79,"column":23}},"18":{"start":{"line":83,"column":4},"end":{"line":86,"column":5}},"19":{"start":{"line":84,"column":6},"end":{"line":84,"column":33}},"20":{"start":{"line":85,"column":6},"end":{"line":85,"column":27}},"21":{"start":{"line":87,"column":4},"end":{"line":90,"column":5}},"22":{"start":{"line":88,"column":6},"end":{"line":88,"column":36}},"23":{"start":{"line":89,"column":6},"end":{"line":89,"column":30}},"24":{"start":{"line":91,"column":4},"end":{"line":91,"column":20}},"25":{"start":{"line":95,"column":4},"end":{"line":95,"column":48}},"26":{"start":{"line":95,"column":42},"end":{"line":95,"column":48}},"27":{"start":{"line":97,"column":16},"end":{"line":97,"column":37}},"28":{"start":{"line":98,"column":17},"end":{"line":98,"column":37}},"29":{"start":{"line":100,"column":17},"end":{"line":100,"column":43}},"30":{"start":{"line":101,"column":17},"end":{"line":101,"column":43}},"31":{"start":{"line":102,"column":19},"end":{"line":102,"column":42}},"32":{"start":{"line":104,"column":21},"end":{"line":108,"column":5}},"33":{"start":{"line":105,"column":6},"end":{"line":105,"column":24}},"34":{"start":{"line":105,"column":18},"end":{"line":105,"column":24}},"35":{"start":{"line":106,"column":6},"end":{"line":107,"column":48}},"36":{"start":{"line":106,"column":21},"end":{"line":106,"column":51}},"37":{"start":{"line":107,"column":11},"end":{"line":107,"column":48}},"38":{"start":{"line":111,"column":4},"end":{"line":111,"column":41}},"39":{"start":{"line":114,"column":19},"end":{"line":114,"column":47}},"40":{"start":{"line":115,"column":4},"end":{"line":115,"column":72}},"41":{"start":{"line":115,"column":33},"end":{"line":115,"column":72}},"42":{"start":{"line":116,"column":4},"end":{"line":116,"column":72}},"43":{"start":{"line":116,"column":33},"end":{"line":116,"column":72}},"44":{"start":{"line":118,"column":4},"end":{"line":118,"column":65}},"45":{"start":{"line":118,"column":30},"end":{"line":118,"column":65}}},"fnMap":{"0":{"name":"(anonymous_0)","decl":{"start":{"line":10,"column":2},"end":{"line":10,"column":16}},"loc":{"start":{"line":10,"column":19},"end":{"line":40,"column":3}},"line":10},"1":{"name":"(anonymous_1)","decl":{"start":{"line":46,"column":2},"end":{"line":46,"column":13}},"loc":{"start":{"line":46,"column":81},"end":{"line":50,"column":3}},"line":46},"2":{"name":"(anonymous_2)","decl":{"start":{"line":52,"column":8},"end":{"line":52,"column":12}},"loc":{"start":{"line":52,"column":39},"end":{"line":76,"column":3}},"line":52},"3":{"name":"(anonymous_3)","decl":{"start":{"line":78,"column":2},"end":{"line":78,"column":9}},"loc":{"start":{"line":78,"column":23},"end":{"line":80,"column":3}},"line":78},"4":{"name":"(anonymous_4)","decl":{"start":{"line":82,"column":2},"end":{"line":82,"column":9}},"loc":{"start":{"line":82,"column":12},"end":{"line":92,"column":3}},"line":82},"5":{"name":"(anonymous_5)","decl":{"start":{"line":94,"column":2},"end":{"line":94,"column":14}},"loc":{"start":{"line":94,"column":34},"end":{"line":119,"column":3}},"line":94},"6":{"name":"(anonymous_6)","decl":{"start":{"line":104,"column":21},"end":{"line":104,"column":22}},"loc":{"start":{"line":104,"column":37},"end":{"line":108,"column":5}},"line":104}},"branchMap":{"0":{"loc":{"start":{"line":46,"column":14},"end":{"line":46,"column":79}},"type":"default-arg","locations":[{"start":{"line":46,"column":29},"end":{"line":46,"column":79}}],"line":46},"1":{"loc":{"start":{"line":83,"column":4},"end":{"line":86,"column":5}},"type":"if","locations":[{"start":{"line":83,"column":4},"end":{"line":86,"column":5}},{"start":{},"end":{}}],"line":83},"2":{"loc":{"start":{"line":87,"column":4},"end":{"line":90,"column":5}},"type":"if","locations":[{"start":{"line":87,"column":4},"end":{"line":90,"column":5}},{"start":{},"end":{}}],"line":87},"3":{"loc":{"start":{"line":94,"column":15},"end":{"line":94,"column":32}},"type":"default-arg","locations":[{"start":{"line":94,"column":27},"end":{"line":94,"column":32}}],"line":94},"4":{"loc":{"start":{"line":95,"column":4},"end":{"line":95,"column":48}},"type":"if","locations":[{"start":{"line":95,"column":4},"end":{"line":95,"column":48}},{"start":{},"end":{}}],"line":95},"5":{"loc":{"start":{"line":95,"column":8},"end":{"line":95,"column":40}},"type":"binary-expr","locations":[{"start":{"line":95,"column":8},"end":{"line":95,"column":26}},{"start":{"line":95,"column":30},"end":{"line":95,"column":40}}],"line":95},"6":{"loc":{"start":{"line":98,"column":17},"end":{"line":98,"column":37}},"type":"cond-expr","locations":[{"start":{"line":98,"column":29},"end":{"line":98,"column":30}},{"start":{"line":98,"column":33},"end":{"line":98,"column":37}}],"line":98},"7":{"loc":{"start":{"line":105,"column":6},"end":{"line":105,"column":24}},"type":"if","locations":[{"start":{"line":105,"column":6},"end":{"line":105,"column":24}},{"start":{},"end":{}}],"line":105},"8":{"loc":{"start":{"line":106,"column":6},"end":{"line":107,"column":48}},"type":"if","locations":[{"start":{"line":106,"column":6},"end":{"line":107,"column":48}},{"start":{"line":107,"column":11},"end":{"line":107,"column":48}}],"line":106},"9":{"loc":{"start":{"line":115,"column":4},"end":{"line":115,"column":72}},"type":"if","locations":[{"start":{"line":115,"column":4},"end":{"line":115,"column":72}},{"start":{},"end":{}}],"line":115},"10":{"loc":{"start":{"line":116,"column":4},"end":{"line":116,"column":72}},"type":"if","locations":[{"start":{"line":116,"column":4},"end":{"line":116,"column":72}},{"start":{},"end":{}}],"line":116},"11":{"loc":{"start":{"line":118,"column":4},"end":{"line":118,"column":65}},"type":"if","locations":[{"start":{"line":118,"column":4},"end":{"line":118,"column":65}},{"start":{},"end":{}}],"line":118}},"s":{"0":14,"1":4,"2":4,"3":4,"4":3,"5":3,"6":3,"7":3,"8":3,"9":3,"10":3,"11":3,"12":3,"13":3,"14":3,"15":0,"16":0,"17":10,"18":1,"19":1,"20":1,"21":1,"22":1,"23":1,"24":1,"25":13,"26":0,"27":13,"28":13,"29":13,"30":13,"31":13,"32":13,"33":52,"34":0,"35":52,"36":12,"37":40,"38":13,"39":13,"40":13,"41":13,"42":13,"43":13,"44":13,"45":13},"f":{"0":14,"1":4,"2":3,"3":10,"4":1,"5":13,"6":52},"b":{"0":[4],"1":[1,0],"2":[1,0],"3":[13],"4":[0,13],"5":[13,13],"6":[3,10],"7":[0,52],"8":[12,40],"9":[13,0],"10":[13,0],"11":[13,0]},"meta":{"lastBranch":12,"lastFunction":7,"lastStatement":46,"seen":{"f:10:2:10:16":0,"s:11:4:39:5":0,"f:46:2:46:13":1,"b:46:29:46:79":0,"s:47:4:47:11":1,"s:48:4:48:37":2,"s:49:4:49:28":3,"f:52:8:52:12":2,"s:53:4:53:28":4,"s:54:4:54:29":5,"s:57:4:57:46":6,"s:58:4:58:33":7,"s:59:4:59:38":8,"s:61:4:75:5":9,"s:63:6:63:64":10,"s:66:6:66:87":11,"s:67:6:67:47":12,"s:70:6:70:26":13,"s:71:6:71:29":14,"s:73:6:73:53":15,"s:74:6:74:13":16,"f:78:2:78:9":3,"s:79:4:79:23":17,"f:82:2:82:9":4,"b:83:4:86:5:undefined:undefined:undefined:undefined":1,"s:83:4:86:5":18,"s:84:6:84:33":19,"s:85:6:85:27":20,"b:87:4:90:5:undefined:undefined:undefined:undefined":2,"s:87:4:90:5":21,"s:88:6:88:36":22,"s:89:6:89:30":23,"s:91:4:91:20":24,"f:94:2:94:14":5,"b:94:27:94:32":3,"b:95:4:95:48:undefined:undefined:undefined:undefined":4,"s:95:4:95:48":25,"b:95:8:95:26:95:30:95:40":5,"s:95:42:95:48":26,"s:97:16:97:37":27,"s:98:17:98:37":28,"b:98:29:98:30:98:33:98:37":6,"s:100:17:100:43":29,"s:101:17:101:43":30,"s:102:19:102:42":31,"s:104:21:108:5":32,"f:104:21:104:22":6,"b:105:6:105:24:undefined:undefined:undefined:undefined":7,"s:105:6:105:24":33,"s:105:18:105:24":34,"b:106:6:107:48:107:11:107:48":8,"s:106:6:107:48":35,"s:106:21:106:51":36,"s:107:11:107:48":37,"s:111:4:111:41":38,"s:114:19:114:47":39,"b:115:4:115:72:undefined:undefined:undefined:undefined":9,"s:115:4:115:72":40,"s:115:33:115:72":41,"b:116:4:116:72:undefined:undefined:undefined:undefined":10,"s:116:4:116:72":42,"s:116:33:116:72":43,"b:118:4:118:65:undefined:undefined:undefined:undefined":11,"s:118:4:118:65":44,"s:118:30:118:65":45}}}
,"C:\\Users\\graha\\Documents\\dev\\web-sonifier\\packages\\mallet\\src\\MalletSonifier.js": {"path":"C:\\Users\\graha\\Documents\\dev\\web-sonifier\\packages\\mallet\\src\\MalletSonifier.js","statementMap":{"0":{"start":{"line":12,"column":4},"end":{"line":67,"column":5}},"1":{"start":{"line":71,"column":4},"end":{"line":71,"column":28}},"2":{"start":{"line":72,"column":4},"end":{"line":72,"column":29}},"3":{"start":{"line":75,"column":4},"end":{"line":75,"column":46}},"4":{"start":{"line":76,"column":4},"end":{"line":76,"column":33}},"5":{"start":{"line":77,"column":4},"end":{"line":77,"column":38}},"6":{"start":{"line":79,"column":4},"end":{"line":79,"column":24}},"7":{"start":{"line":80,"column":4},"end":{"line":80,"column":27}},"8":{"start":{"line":83,"column":4},"end":{"line":83,"column":24}},"9":{"start":{"line":87,"column":4},"end":{"line":89,"column":5}},"10":{"start":{"line":88,"column":6},"end":{"line":88,"column":77}},"11":{"start":{"line":93,"column":4},"end":{"line":93,"column":31}},"12":{"start":{"line":93,"column":25},"end":{"line":93,"column":31}},"13":{"start":{"line":94,"column":4},"end":{"line":94,"column":26}},"14":{"start":{"line":95,"column":4},"end":{"line":95,"column":30}},"15":{"start":{"line":99,"column":4},"end":{"line":99,"column":27}},"16":{"start":{"line":100,"column":4},"end":{"line":103,"column":5}},"17":{"start":{"line":101,"column":6},"end":{"line":101,"column":33}},"18":{"start":{"line":102,"column":6},"end":{"line":102,"column":26}},"19":{"start":{"line":107,"column":4},"end":{"line":107,"column":15}},"20":{"start":{"line":108,"column":4},"end":{"line":111,"column":5}},"21":{"start":{"line":109,"column":6},"end":{"line":109,"column":33}},"22":{"start":{"line":110,"column":6},"end":{"line":110,"column":27}},"23":{"start":{"line":112,"column":4},"end":{"line":112,"column":20}},"24":{"start":{"line":120,"column":4},"end":{"line":120,"column":65}},"25":{"start":{"line":120,"column":59},"end":{"line":120,"column":65}},"26":{"start":{"line":122,"column":16},"end":{"line":122,"column":37}},"27":{"start":{"line":125,"column":23},"end":{"line":125,"column":50}},"28":{"start":{"line":126,"column":19},"end":{"line":126,"column":78}},"29":{"start":{"line":127,"column":17},"end":{"line":127,"column":41}},"30":{"start":{"line":128,"column":4},"end":{"line":130,"column":5}},"31":{"start":{"line":128,"column":17},"end":{"line":128,"column":18}},"32":{"start":{"line":129,"column":6},"end":{"line":129,"column":37}},"33":{"start":{"line":132,"column":24},"end":{"line":132,"column":54}},"34":{"start":{"line":133,"column":4},"end":{"line":133,"column":31}},"35":{"start":{"line":136,"column":24},"end":{"line":136,"column":54}},"36":{"start":{"line":137,"column":4},"end":{"line":137,"column":32}},"37":{"start":{"line":139,"column":25},"end":{"line":139,"column":72}},"38":{"start":{"line":140,"column":4},"end":{"line":140,"column":59}},"39":{"start":{"line":143,"column":22},"end":{"line":143,"column":44}},"40":{"start":{"line":145,"column":24},"end":{"line":145,"column":52}},"41":{"start":{"line":146,"column":4},"end":{"line":146,"column":51}},"42":{"start":{"line":147,"column":4},"end":{"line":147,"column":66}},"43":{"start":{"line":149,"column":4},"end":{"line":149,"column":36}},"44":{"start":{"line":150,"column":4},"end":{"line":150,"column":34}},"45":{"start":{"line":153,"column":22},"end":{"line":153,"column":42}},"46":{"start":{"line":154,"column":20},"end":{"line":154,"column":44}},"47":{"start":{"line":156,"column":23},"end":{"line":156,"column":65}},"48":{"start":{"line":158,"column":4},"end":{"line":172,"column":6}},"49":{"start":{"line":159,"column":21},"end":{"line":159,"column":51}},"50":{"start":{"line":160,"column":6},"end":{"line":160,"column":30}},"51":{"start":{"line":162,"column":6},"end":{"line":162,"column":63}},"52":{"start":{"line":163,"column":6},"end":{"line":163,"column":46}},"53":{"start":{"line":165,"column":6},"end":{"line":165,"column":31}},"54":{"start":{"line":166,"column":6},"end":{"line":166,"column":36}},"55":{"start":{"line":169,"column":6},"end":{"line":171,"column":13}},"56":{"start":{"line":170,"column":8},"end":{"line":170,"column":48}},"57":{"start":{"line":170,"column":14},"end":{"line":170,"column":33}},"58":{"start":{"line":174,"column":4},"end":{"line":174,"column":26}},"59":{"start":{"line":175,"column":4},"end":{"line":175,"column":32}},"60":{"start":{"line":178,"column":4},"end":{"line":184,"column":11}},"61":{"start":{"line":179,"column":6},"end":{"line":183,"column":20}},"62":{"start":{"line":180,"column":8},"end":{"line":180,"column":32}},"63":{"start":{"line":181,"column":8},"end":{"line":181,"column":32}},"64":{"start":{"line":182,"column":8},"end":{"line":182,"column":30}},"65":{"start":{"line":192,"column":4},"end":{"line":192,"column":32}},"66":{"start":{"line":192,"column":26},"end":{"line":192,"column":32}},"67":{"start":{"line":193,"column":4},"end":{"line":193,"column":18}},"68":{"start":{"line":195,"column":19},"end":{"line":195,"column":46}},"69":{"start":{"line":196,"column":21},"end":{"line":196,"column":34}},"70":{"start":{"line":198,"column":4},"end":{"line":198,"column":74}},"71":{"start":{"line":198,"column":37},"end":{"line":198,"column":63}}},"fnMap":{"0":{"name":"(anonymous_0)","decl":{"start":{"line":11,"column":2},"end":{"line":11,"column":16}},"loc":{"start":{"line":11,"column":19},"end":{"line":68,"column":3}},"line":11},"1":{"name":"(anonymous_1)","decl":{"start":{"line":70,"column":2},"end":{"line":70,"column":6}},"loc":{"start":{"line":70,"column":33},"end":{"line":84,"column":3}},"line":70},"2":{"name":"(anonymous_2)","decl":{"start":{"line":86,"column":2},"end":{"line":86,"column":9}},"loc":{"start":{"line":86,"column":23},"end":{"line":90,"column":3}},"line":86},"3":{"name":"(anonymous_3)","decl":{"start":{"line":92,"column":2},"end":{"line":92,"column":7}},"loc":{"start":{"line":92,"column":10},"end":{"line":96,"column":3}},"line":92},"4":{"name":"(anonymous_4)","decl":{"start":{"line":98,"column":2},"end":{"line":98,"column":6}},"loc":{"start":{"line":98,"column":9},"end":{"line":104,"column":3}},"line":98},"5":{"name":"(anonymous_5)","decl":{"start":{"line":106,"column":2},"end":{"line":106,"column":9}},"loc":{"start":{"line":106,"column":12},"end":{"line":113,"column":3}},"line":106},"6":{"name":"(anonymous_6)","decl":{"start":{"line":119,"column":2},"end":{"line":119,"column":9}},"loc":{"start":{"line":119,"column":12},"end":{"line":185,"column":3}},"line":119},"7":{"name":"(anonymous_7)","decl":{"start":{"line":158,"column":22},"end":{"line":158,"column":23}},"loc":{"start":{"line":158,"column":27},"end":{"line":172,"column":5}},"line":158},"8":{"name":"(anonymous_8)","decl":{"start":{"line":169,"column":17},"end":{"line":169,"column":18}},"loc":{"start":{"line":169,"column":23},"end":{"line":171,"column":7}},"line":169},"9":{"name":"(anonymous_9)","decl":{"start":{"line":178,"column":15},"end":{"line":178,"column":16}},"loc":{"start":{"line":178,"column":21},"end":{"line":184,"column":5}},"line":178},"10":{"name":"(anonymous_10)","decl":{"start":{"line":191,"column":2},"end":{"line":191,"column":21}},"loc":{"start":{"line":191,"column":24},"end":{"line":199,"column":3}},"line":191},"11":{"name":"(anonymous_11)","decl":{"start":{"line":198,"column":31},"end":{"line":198,"column":32}},"loc":{"start":{"line":198,"column":37},"end":{"line":198,"column":63}},"line":198}},"branchMap":{"0":{"loc":{"start":{"line":87,"column":4},"end":{"line":89,"column":5}},"type":"if","locations":[{"start":{"line":87,"column":4},"end":{"line":89,"column":5}},{"start":{},"end":{}}],"line":87},"1":{"loc":{"start":{"line":87,"column":8},"end":{"line":87,"column":56}},"type":"binary-expr","locations":[{"start":{"line":87,"column":8},"end":{"line":87,"column":25}},{"start":{"line":87,"column":29},"end":{"line":87,"column":43}},{"start":{"line":87,"column":47},"end":{"line":87,"column":56}}],"line":87},"2":{"loc":{"start":{"line":93,"column":4},"end":{"line":93,"column":31}},"type":"if","locations":[{"start":{"line":93,"column":4},"end":{"line":93,"column":31}},{"start":{},"end":{}}],"line":93},"3":{"loc":{"start":{"line":100,"column":4},"end":{"line":103,"column":5}},"type":"if","locations":[{"start":{"line":100,"column":4},"end":{"line":103,"column":5}},{"start":{},"end":{}}],"line":100},"4":{"loc":{"start":{"line":108,"column":4},"end":{"line":111,"column":5}},"type":"if","locations":[{"start":{"line":108,"column":4},"end":{"line":111,"column":5}},{"start":{},"end":{}}],"line":108},"5":{"loc":{"start":{"line":120,"column":4},"end":{"line":120,"column":65}},"type":"if","locations":[{"start":{"line":120,"column":4},"end":{"line":120,"column":65}},{"start":{},"end":{}}],"line":120},"6":{"loc":{"start":{"line":120,"column":8},"end":{"line":120,"column":57}},"type":"binary-expr","locations":[{"start":{"line":120,"column":8},"end":{"line":120,"column":24}},{"start":{"line":120,"column":28},"end":{"line":120,"column":38}},{"start":{"line":120,"column":42},"end":{"line":120,"column":57}}],"line":120},"7":{"loc":{"start":{"line":192,"column":4},"end":{"line":192,"column":32}},"type":"if","locations":[{"start":{"line":192,"column":4},"end":{"line":192,"column":32}},{"start":{},"end":{}}],"line":192}},"s":{"0":30,"1":4,"2":4,"3":4,"4":4,"5":4,"6":4,"7":4,"8":4,"9":25,"10":4,"11":1,"12":0,"13":1,"14":1,"15":2,"16":2,"17":1,"18":1,"19":1,"20":1,"21":1,"22":1,"23":1,"24":2,"25":0,"26":2,"27":2,"28":2,"29":2,"30":2,"31":2,"32":4410,"33":2,"34":2,"35":2,"36":2,"37":2,"38":2,"39":2,"40":2,"41":2,"42":2,"43":2,"44":2,"45":2,"46":2,"47":2,"48":2,"49":8,"50":8,"51":8,"52":8,"53":8,"54":8,"55":8,"56":4,"57":4,"58":2,"59":2,"60":2,"61":1,"62":1,"63":1,"64":1,"65":2,"66":0,"67":2,"68":2,"69":2,"70":2,"71":1},"f":{"0":30,"1":4,"2":25,"3":1,"4":2,"5":1,"6":2,"7":8,"8":4,"9":1,"10":2,"11":1},"b":{"0":[4,21],"1":[25,4,4],"2":[0,1],"3":[1,1],"4":[1,0],"5":[0,2],"6":[2,2,2],"7":[0,2]},"meta":{"lastBranch":8,"lastFunction":12,"lastStatement":72,"seen":{"f:11:2:11:16":0,"s:12:4:67:5":0,"f:70:2:70:6":1,"s:71:4:71:28":1,"s:72:4:72:29":2,"s:75:4:75:46":3,"s:76:4:76:33":4,"s:77:4:77:38":5,"s:79:4:79:24":6,"s:80:4:80:27":7,"s:83:4:83:24":8,"f:86:2:86:9":2,"b:87:4:89:5:undefined:undefined:undefined:undefined":0,"s:87:4:89:5":9,"b:87:8:87:25:87:29:87:43:87:47:87:56":1,"s:88:6:88:77":10,"f:92:2:92:7":3,"b:93:4:93:31:undefined:undefined:undefined:undefined":2,"s:93:4:93:31":11,"s:93:25:93:31":12,"s:94:4:94:26":13,"s:95:4:95:30":14,"f:98:2:98:6":4,"s:99:4:99:27":15,"b:100:4:103:5:undefined:undefined:undefined:undefined":3,"s:100:4:103:5":16,"s:101:6:101:33":17,"s:102:6:102:26":18,"f:106:2:106:9":5,"s:107:4:107:15":19,"b:108:4:111:5:undefined:undefined:undefined:undefined":4,"s:108:4:111:5":20,"s:109:6:109:33":21,"s:110:6:110:27":22,"s:112:4:112:20":23,"f:119:2:119:9":6,"b:120:4:120:65:undefined:undefined:undefined:undefined":5,"s:120:4:120:65":24,"b:120:8:120:24:120:28:120:38:120:42:120:57":6,"s:120:59:120:65":25,"s:122:16:122:37":26,"s:125:23:125:50":27,"s:126:19:126:78":28,"s:127:17:127:41":29,"s:128:4:130:5":30,"s:128:17:128:18":31,"s:129:6:129:37":32,"s:132:24:132:54":33,"s:133:4:133:31":34,"s:136:24:136:54":35,"s:137:4:137:32":36,"s:139:25:139:72":37,"s:140:4:140:59":38,"s:143:22:143:44":39,"s:145:24:145:52":40,"s:146:4:146:51":41,"s:147:4:147:66":42,"s:149:4:149:36":43,"s:150:4:150:34":44,"s:153:22:153:42":45,"s:154:20:154:44":46,"s:156:23:156:65":47,"s:158:4:172:6":48,"f:158:22:158:23":7,"s:159:21:159:51":49,"s:160:6:160:30":50,"s:162:6:162:63":51,"s:163:6:163:46":52,"s:165:6:165:31":53,"s:166:6:166:36":54,"s:169:6:171:13":55,"f:169:17:169:18":8,"s:170:8:170:48":56,"s:170:14:170:33":57,"s:174:4:174:26":58,"s:175:4:175:32":59,"s:178:4:184:11":60,"f:178:15:178:16":9,"s:179:6:183:20":61,"s:180:8:180:32":62,"s:181:8:181:32":63,"s:182:8:182:30":64,"f:191:2:191:21":10,"b:192:4:192:32:undefined:undefined:undefined:undefined":7,"s:192:4:192:32":65,"s:192:26:192:32":66,"s:193:4:193:18":67,"s:195:19:195:46":68,"s:196:21:196:34":69,"s:198:4:198:74":70,"f:198:31:198:32":11,"s:198:37:198:63":71}}}
,"C:\\Users\\graha\\Documents\\dev\\web-sonifier\\packages\\purr\\src\\PurrSonifier.js": {"path":"C:\\Users\\graha\\Documents\\dev\\web-sonifier\\packages\\purr\\src\\PurrSonifier.js","statementMap":{"0":{"start":{"line":11,"column":4},"end":{"line":57,"column":5}},"1":{"start":{"line":61,"column":4},"end":{"line":61,"column":28}},"2":{"start":{"line":62,"column":4},"end":{"line":62,"column":29}},"3":{"start":{"line":65,"column":4},"end":{"line":65,"column":46}},"4":{"start":{"line":66,"column":4},"end":{"line":66,"column":33}},"5":{"start":{"line":67,"column":4},"end":{"line":67,"column":38}},"6":{"start":{"line":70,"column":4},"end":{"line":70,"column":45}},"7":{"start":{"line":71,"column":4},"end":{"line":71,"column":44}},"8":{"start":{"line":73,"column":4},"end":{"line":73,"column":50}},"9":{"start":{"line":74,"column":4},"end":{"line":74,"column":48}},"10":{"start":{"line":75,"column":4},"end":{"line":75,"column":48}},"11":{"start":{"line":77,"column":4},"end":{"line":77,"column":44}},"12":{"start":{"line":78,"column":4},"end":{"line":78,"column":36}},"13":{"start":{"line":79,"column":4},"end":{"line":79,"column":53}},"14":{"start":{"line":80,"column":4},"end":{"line":80,"column":45}},"15":{"start":{"line":83,"column":4},"end":{"line":83,"column":48}},"16":{"start":{"line":84,"column":4},"end":{"line":84,"column":53}},"17":{"start":{"line":85,"column":4},"end":{"line":85,"column":37}},"18":{"start":{"line":86,"column":4},"end":{"line":86,"column":43}},"19":{"start":{"line":89,"column":4},"end":{"line":89,"column":50}},"20":{"start":{"line":90,"column":4},"end":{"line":90,"column":45}},"21":{"start":{"line":91,"column":4},"end":{"line":91,"column":45}},"22":{"start":{"line":92,"column":4},"end":{"line":92,"column":53}},"23":{"start":{"line":95,"column":4},"end":{"line":95,"column":48}},"24":{"start":{"line":96,"column":4},"end":{"line":96,"column":33}},"25":{"start":{"line":97,"column":4},"end":{"line":97,"column":41}},"26":{"start":{"line":98,"column":4},"end":{"line":98,"column":41}},"27":{"start":{"line":99,"column":4},"end":{"line":99,"column":37}},"28":{"start":{"line":100,"column":4},"end":{"line":100,"column":42}},"29":{"start":{"line":102,"column":4},"end":{"line":102,"column":48}},"30":{"start":{"line":103,"column":4},"end":{"line":103,"column":33}},"31":{"start":{"line":104,"column":4},"end":{"line":104,"column":41}},"32":{"start":{"line":105,"column":4},"end":{"line":105,"column":41}},"33":{"start":{"line":106,"column":4},"end":{"line":106,"column":37}},"34":{"start":{"line":107,"column":4},"end":{"line":107,"column":42}},"35":{"start":{"line":110,"column":4},"end":{"line":110,"column":50}},"36":{"start":{"line":111,"column":4},"end":{"line":111,"column":35}},"37":{"start":{"line":112,"column":4},"end":{"line":112,"column":52}},"38":{"start":{"line":113,"column":4},"end":{"line":113,"column":36}},"39":{"start":{"line":114,"column":4},"end":{"line":114,"column":45}},"40":{"start":{"line":115,"column":4},"end":{"line":115,"column":44}},"41":{"start":{"line":116,"column":4},"end":{"line":116,"column":45}},"42":{"start":{"line":117,"column":4},"end":{"line":117,"column":46}},"43":{"start":{"line":118,"column":4},"end":{"line":118,"column":55}},"44":{"start":{"line":121,"column":4},"end":{"line":121,"column":58}},"45":{"start":{"line":123,"column":16},"end":{"line":123,"column":37}},"46":{"start":{"line":124,"column":4},"end":{"line":124,"column":28}},"47":{"start":{"line":125,"column":4},"end":{"line":125,"column":30}},"48":{"start":{"line":126,"column":4},"end":{"line":126,"column":30}},"49":{"start":{"line":127,"column":4},"end":{"line":127,"column":30}},"50":{"start":{"line":130,"column":4},"end":{"line":130,"column":24}},"51":{"start":{"line":131,"column":4},"end":{"line":131,"column":27}},"52":{"start":{"line":135,"column":4},"end":{"line":135,"column":23}},"53":{"start":{"line":139,"column":16},"end":{"line":139,"column":43}},"54":{"start":{"line":140,"column":4},"end":{"line":148,"column":5}},"55":{"start":{"line":142,"column":6},"end":{"line":142,"column":55}},"56":{"start":{"line":145,"column":6},"end":{"line":147,"column":13}},"57":{"start":{"line":146,"column":8},"end":{"line":146,"column":23}},"58":{"start":{"line":152,"column":4},"end":{"line":156,"column":5}},"59":{"start":{"line":153,"column":6},"end":{"line":153,"column":26}},"60":{"start":{"line":154,"column":6},"end":{"line":154,"column":32}},"61":{"start":{"line":155,"column":6},"end":{"line":155,"column":26}},"62":{"start":{"line":157,"column":4},"end":{"line":161,"column":5}},"63":{"start":{"line":158,"column":6},"end":{"line":158,"column":28}},"64":{"start":{"line":159,"column":6},"end":{"line":159,"column":34}},"65":{"start":{"line":160,"column":6},"end":{"line":160,"column":28}},"66":{"start":{"line":162,"column":4},"end":{"line":166,"column":5}},"67":{"start":{"line":163,"column":6},"end":{"line":163,"column":28}},"68":{"start":{"line":164,"column":6},"end":{"line":164,"column":34}},"69":{"start":{"line":165,"column":6},"end":{"line":165,"column":28}},"70":{"start":{"line":167,"column":4},"end":{"line":171,"column":5}},"71":{"start":{"line":168,"column":6},"end":{"line":168,"column":28}},"72":{"start":{"line":169,"column":6},"end":{"line":169,"column":34}},"73":{"start":{"line":170,"column":6},"end":{"line":170,"column":28}},"74":{"start":{"line":174,"column":4},"end":{"line":181,"column":6}},"75":{"start":{"line":180,"column":6},"end":{"line":180,"column":45}},"76":{"start":{"line":180,"column":12},"end":{"line":180,"column":30}},"77":{"start":{"line":183,"column":4},"end":{"line":183,"column":20}},"78":{"start":{"line":187,"column":14},"end":{"line":187,"column":16}},"79":{"start":{"line":188,"column":17},"end":{"line":188,"column":36}},"80":{"start":{"line":189,"column":17},"end":{"line":189,"column":36}},"81":{"start":{"line":191,"column":4},"end":{"line":193,"column":5}},"82":{"start":{"line":191,"column":17},"end":{"line":191,"column":18}},"83":{"start":{"line":192,"column":6},"end":{"line":192,"column":29}},"84":{"start":{"line":194,"column":4},"end":{"line":194,"column":51}},"85":{"start":{"line":198,"column":4},"end":{"line":198,"column":45}},"86":{"start":{"line":198,"column":39},"end":{"line":198,"column":45}},"87":{"start":{"line":200,"column":16},"end":{"line":200,"column":37}},"88":{"start":{"line":201,"column":17},"end":{"line":201,"column":37}},"89":{"start":{"line":203,"column":17},"end":{"line":203,"column":43}},"90":{"start":{"line":204,"column":17},"end":{"line":204,"column":38}},"91":{"start":{"line":205,"column":22},"end":{"line":205,"column":48}},"92":{"start":{"line":206,"column":20},"end":{"line":206,"column":44}},"93":{"start":{"line":207,"column":19},"end":{"line":207,"column":42}},"94":{"start":{"line":209,"column":21},"end":{"line":213,"column":5}},"95":{"start":{"line":210,"column":6},"end":{"line":210,"column":24}},"96":{"start":{"line":210,"column":18},"end":{"line":210,"column":24}},"97":{"start":{"line":211,"column":6},"end":{"line":212,"column":48}},"98":{"start":{"line":211,"column":21},"end":{"line":211,"column":51}},"99":{"start":{"line":212,"column":11},"end":{"line":212,"column":48}},"100":{"start":{"line":216,"column":4},"end":{"line":216,"column":41}},"101":{"start":{"line":219,"column":4},"end":{"line":219,"column":43}},"102":{"start":{"line":220,"column":4},"end":{"line":220,"column":69}},"103":{"start":{"line":223,"column":4},"end":{"line":223,"column":42}},"104":{"start":{"line":225,"column":24},"end":{"line":225,"column":45}},"105":{"start":{"line":226,"column":4},"end":{"line":226,"column":61}},"106":{"start":{"line":229,"column":4},"end":{"line":229,"column":51}},"107":{"start":{"line":230,"column":4},"end":{"line":230,"column":67}},"108":{"start":{"line":232,"column":22},"end":{"line":232,"column":45}},"109":{"start":{"line":233,"column":4},"end":{"line":233,"column":52}},"110":{"start":{"line":237,"column":18},"end":{"line":237,"column":41}},"111":{"start":{"line":238,"column":4},"end":{"line":238,"column":64}},"112":{"start":{"line":239,"column":4},"end":{"line":239,"column":41}},"113":{"start":{"line":240,"column":4},"end":{"line":240,"column":44}},"114":{"start":{"line":243,"column":18},"end":{"line":243,"column":41}},"115":{"start":{"line":244,"column":4},"end":{"line":244,"column":64}},"116":{"start":{"line":245,"column":4},"end":{"line":245,"column":41}},"117":{"start":{"line":246,"column":4},"end":{"line":246,"column":44}},"118":{"start":{"line":250,"column":4},"end":{"line":250,"column":62}},"119":{"start":{"line":252,"column":24},"end":{"line":252,"column":45}},"120":{"start":{"line":253,"column":4},"end":{"line":253,"column":57}}},"fnMap":{"0":{"name":"(anonymous_0)","decl":{"start":{"line":10,"column":2},"end":{"line":10,"column":16}},"loc":{"start":{"line":10,"column":19},"end":{"line":58,"column":3}},"line":10},"1":{"name":"(anonymous_1)","decl":{"start":{"line":60,"column":2},"end":{"line":60,"column":6}},"loc":{"start":{"line":60,"column":33},"end":{"line":132,"column":3}},"line":60},"2":{"name":"(anonymous_2)","decl":{"start":{"line":134,"column":2},"end":{"line":134,"column":9}},"loc":{"start":{"line":134,"column":23},"end":{"line":136,"column":3}},"line":134},"3":{"name":"(anonymous_3)","decl":{"start":{"line":138,"column":2},"end":{"line":138,"column":9}},"loc":{"start":{"line":138,"column":12},"end":{"line":149,"column":3}},"line":138},"4":{"name":"(anonymous_4)","decl":{"start":{"line":145,"column":17},"end":{"line":145,"column":18}},"loc":{"start":{"line":145,"column":23},"end":{"line":147,"column":7}},"line":145},"5":{"name":"(anonymous_5)","decl":{"start":{"line":151,"column":2},"end":{"line":151,"column":10}},"loc":{"start":{"line":151,"column":13},"end":{"line":184,"column":3}},"line":151},"6":{"name":"(anonymous_6)","decl":{"start":{"line":179,"column":14},"end":{"line":179,"column":18}},"loc":{"start":{"line":179,"column":22},"end":{"line":181,"column":5}},"line":179},"7":{"name":"(anonymous_7)","decl":{"start":{"line":186,"column":2},"end":{"line":186,"column":18}},"loc":{"start":{"line":186,"column":21},"end":{"line":195,"column":3}},"line":186},"8":{"name":"(anonymous_8)","decl":{"start":{"line":197,"column":2},"end":{"line":197,"column":14}},"loc":{"start":{"line":197,"column":34},"end":{"line":254,"column":3}},"line":197},"9":{"name":"(anonymous_9)","decl":{"start":{"line":209,"column":21},"end":{"line":209,"column":22}},"loc":{"start":{"line":209,"column":37},"end":{"line":213,"column":5}},"line":209}},"branchMap":{"0":{"loc":{"start":{"line":139,"column":16},"end":{"line":139,"column":43}},"type":"binary-expr","locations":[{"start":{"line":139,"column":16},"end":{"line":139,"column":38}},{"start":{"line":139,"column":42},"end":{"line":139,"column":43}}],"line":139},"1":{"loc":{"start":{"line":140,"column":4},"end":{"line":148,"column":5}},"type":"if","locations":[{"start":{"line":140,"column":4},"end":{"line":148,"column":5}},{"start":{},"end":{}}],"line":140},"2":{"loc":{"start":{"line":152,"column":4},"end":{"line":156,"column":5}},"type":"if","locations":[{"start":{"line":152,"column":4},"end":{"line":156,"column":5}},{"start":{},"end":{}}],"line":152},"3":{"loc":{"start":{"line":157,"column":4},"end":{"line":161,"column":5}},"type":"if","locations":[{"start":{"line":157,"column":4},"end":{"line":161,"column":5}},{"start":{},"end":{}}],"line":157},"4":{"loc":{"start":{"line":162,"column":4},"end":{"line":166,"column":5}},"type":"if","locations":[{"start":{"line":162,"column":4},"end":{"line":166,"column":5}},{"start":{},"end":{}}],"line":162},"5":{"loc":{"start":{"line":167,"column":4},"end":{"line":171,"column":5}},"type":"if","locations":[{"start":{"line":167,"column":4},"end":{"line":171,"column":5}},{"start":{},"end":{}}],"line":167},"6":{"loc":{"start":{"line":197,"column":15},"end":{"line":197,"column":32}},"type":"default-arg","locations":[{"start":{"line":197,"column":27},"end":{"line":197,"column":32}}],"line":197},"7":{"loc":{"start":{"line":198,"column":4},"end":{"line":198,"column":45}},"type":"if","locations":[{"start":{"line":198,"column":4},"end":{"line":198,"column":45}},{"start":{},"end":{}}],"line":198},"8":{"loc":{"start":{"line":198,"column":8},"end":{"line":198,"column":37}},"type":"binary-expr","locations":[{"start":{"line":198,"column":8},"end":{"line":198,"column":18}},{"start":{"line":198,"column":22},"end":{"line":198,"column":37}}],"line":198},"9":{"loc":{"start":{"line":201,"column":17},"end":{"line":201,"column":37}},"type":"cond-expr","locations":[{"start":{"line":201,"column":29},"end":{"line":201,"column":30}},{"start":{"line":201,"column":33},"end":{"line":201,"column":37}}],"line":201},"10":{"loc":{"start":{"line":210,"column":6},"end":{"line":210,"column":24}},"type":"if","locations":[{"start":{"line":210,"column":6},"end":{"line":210,"column":24}},{"start":{},"end":{}}],"line":210},"11":{"loc":{"start":{"line":211,"column":6},"end":{"line":212,"column":48}},"type":"if","locations":[{"start":{"line":211,"column":6},"end":{"line":212,"column":48}},{"start":{"line":212,"column":11},"end":{"line":212,"column":48}}],"line":211}},"s":{"0":20,"1":3,"2":3,"3":3,"4":3,"5":3,"6":3,"7":3,"8":3,"9":3,"10":3,"11":3,"12":3,"13":3,"14":3,"15":3,"16":3,"17":3,"18":3,"19":3,"20":3,"21":3,"22":3,"23":3,"24":3,"25":3,"26":3,"27":3,"28":3,"29":3,"30":3,"31":3,"32":3,"33":3,"34":3,"35":3,"36":3,"37":3,"38":3,"39":3,"40":3,"41":3,"42":3,"43":3,"44":3,"45":3,"46":3,"47":3,"48":3,"49":3,"50":3,"51":3,"52":16,"53":1,"54":1,"55":1,"56":1,"57":1,"58":1,"59":1,"60":1,"61":1,"62":1,"63":1,"64":1,"65":1,"66":1,"67":1,"68":1,"69":1,"70":1,"71":1,"72":1,"73":1,"74":1,"75":12,"76":12,"77":1,"78":3,"79":3,"80":3,"81":3,"82":3,"83":189,"84":3,"85":19,"86":0,"87":19,"88":19,"89":19,"90":19,"91":19,"92":19,"93":19,"94":19,"95":304,"96":0,"97":304,"98":48,"99":256,"100":19,"101":19,"102":19,"103":19,"104":19,"105":19,"106":19,"107":19,"108":19,"109":19,"110":19,"111":19,"112":19,"113":19,"114":19,"115":19,"116":19,"117":19,"118":19,"119":19,"120":19},"f":{"0":20,"1":3,"2":16,"3":1,"4":1,"5":1,"6":12,"7":3,"8":19,"9":304},"b":{"0":[1,1],"1":[1,0],"2":[1,0],"3":[1,0],"4":[1,0],"5":[1,0],"6":[19],"7":[0,19],"8":[19,19],"9":[3,16],"10":[0,304],"11":[48,256]},"meta":{"lastBranch":12,"lastFunction":10,"lastStatement":121,"seen":{"f:10:2:10:16":0,"s:11:4:57:5":0,"f:60:2:60:6":1,"s:61:4:61:28":1,"s:62:4:62:29":2,"s:65:4:65:46":3,"s:66:4:66:33":4,"s:67:4:67:38":5,"s:70:4:70:45":6,"s:71:4:71:44":7,"s:73:4:73:50":8,"s:74:4:74:48":9,"s:75:4:75:48":10,"s:77:4:77:44":11,"s:78:4:78:36":12,"s:79:4:79:53":13,"s:80:4:80:45":14,"s:83:4:83:48":15,"s:84:4:84:53":16,"s:85:4:85:37":17,"s:86:4:86:43":18,"s:89:4:89:50":19,"s:90:4:90:45":20,"s:91:4:91:45":21,"s:92:4:92:53":22,"s:95:4:95:48":23,"s:96:4:96:33":24,"s:97:4:97:41":25,"s:98:4:98:41":26,"s:99:4:99:37":27,"s:100:4:100:42":28,"s:102:4:102:48":29,"s:103:4:103:33":30,"s:104:4:104:41":31,"s:105:4:105:41":32,"s:106:4:106:37":33,"s:107:4:107:42":34,"s:110:4:110:50":35,"s:111:4:111:35":36,"s:112:4:112:52":37,"s:113:4:113:36":38,"s:114:4:114:45":39,"s:115:4:115:44":40,"s:116:4:116:45":41,"s:117:4:117:46":42,"s:118:4:118:55":43,"s:121:4:121:58":44,"s:123:16:123:37":45,"s:124:4:124:28":46,"s:125:4:125:30":47,"s:126:4:126:30":48,"s:127:4:127:30":49,"s:130:4:130:24":50,"s:131:4:131:27":51,"f:134:2:134:9":2,"s:135:4:135:23":52,"f:138:2:138:9":3,"s:139:16:139:43":53,"b:139:16:139:38:139:42:139:43":0,"b:140:4:148:5:undefined:undefined:undefined:undefined":1,"s:140:4:148:5":54,"s:142:6:142:55":55,"s:145:6:147:13":56,"f:145:17:145:18":4,"s:146:8:146:23":57,"f:151:2:151:10":5,"b:152:4:156:5:undefined:undefined:undefined:undefined":2,"s:152:4:156:5":58,"s:153:6:153:26":59,"s:154:6:154:32":60,"s:155:6:155:26":61,"b:157:4:161:5:undefined:undefined:undefined:undefined":3,"s:157:4:161:5":62,"s:158:6:158:28":63,"s:159:6:159:34":64,"s:160:6:160:28":65,"b:162:4:166:5:undefined:undefined:undefined:undefined":4,"s:162:4:166:5":66,"s:163:6:163:28":67,"s:164:6:164:34":68,"s:165:6:165:28":69,"b:167:4:171:5:undefined:undefined:undefined:undefined":5,"s:167:4:171:5":70,"s:168:6:168:28":71,"s:169:6:169:34":72,"s:170:6:170:28":73,"s:174:4:181:6":74,"f:179:14:179:18":6,"s:180:6:180:45":75,"s:180:12:180:30":76,"s:183:4:183:20":77,"f:186:2:186:18":7,"s:187:14:187:16":78,"s:188:17:188:36":79,"s:189:17:189:36":80,"s:191:4:193:5":81,"s:191:17:191:18":82,"s:192:6:192:29":83,"s:194:4:194:51":84,"f:197:2:197:14":8,"b:197:27:197:32":6,"b:198:4:198:45:undefined:undefined:undefined:undefined":7,"s:198:4:198:45":85,"b:198:8:198:18:198:22:198:37":8,"s:198:39:198:45":86,"s:200:16:200:37":87,"s:201:17:201:37":88,"b:201:29:201:30:201:33:201:37":9,"s:203:17:203:43":89,"s:204:17:204:38":90,"s:205:22:205:48":91,"s:206:20:206:44":92,"s:207:19:207:42":93,"s:209:21:213:5":94,"f:209:21:209:22":9,"b:210:6:210:24:undefined:undefined:undefined:undefined":10,"s:210:6:210:24":95,"s:210:18:210:24":96,"b:211:6:212:48:212:11:212:48":11,"s:211:6:212:48":97,"s:211:21:211:51":98,"s:212:11:212:48":99,"s:216:4:216:41":100,"s:219:4:219:43":101,"s:220:4:220:69":102,"s:223:4:223:42":103,"s:225:24:225:45":104,"s:226:4:226:61":105,"s:229:4:229:51":106,"s:230:4:230:67":107,"s:232:22:232:45":108,"s:233:4:233:52":109,"s:237:18:237:41":110,"s:238:4:238:64":111,"s:239:4:239:41":112,"s:240:4:240:44":113,"s:243:18:243:41":114,"s:244:4:244:64":115,"s:245:4:245:41":116,"s:246:4:246:44":117,"s:250:4:250:62":118,"s:252:24:252:45":119,"s:253:4:253:57":120}}}
}
